[01m[K/home/kal1b/catkin_ws/src/avoidance/parallel_planner/src/nodes/vfh_node.cpp:[m[K In member function ‘[01m[Kvoid VFHNode::cloudCallback(const PointCloud2ConstPtr&)[m[K’:
[01m[K/home/kal1b/catkin_ws/src/avoidance/parallel_planner/src/nodes/vfh_node.cpp:41:21:[m[K [01;31m[Kerror: [m[K‘[01m[Kpcl[m[K’ was not declared in this scope
   41 |         std::vector<[01;31m[Kpcl[m[K::PointXYZ> obstacles;
      |                     [01;31m[K^~~[m[K
[01m[K/home/kal1b/catkin_ws/src/avoidance/parallel_planner/src/nodes/vfh_node.cpp:41:34:[m[K [01;31m[Kerror: [m[Ktemplate argument 1 is invalid
   41 |         std::vector<pcl::PointXYZ[01;31m[K>[m[K obstacles;
      |                                  [01;31m[K^[m[K
[01m[K/home/kal1b/catkin_ws/src/avoidance/parallel_planner/src/nodes/vfh_node.cpp:41:34:[m[K [01;31m[Kerror: [m[Ktemplate argument 2 is invalid
[01m[K/home/kal1b/catkin_ws/src/avoidance/parallel_planner/src/nodes/vfh_node.cpp:42:9:[m[K [01;31m[Kerror: [m[K‘[01m[Kpcl[m[K’ is not a class, namespace, or enumeration
   42 |         [01;31m[Kpcl[m[K::PointCloud<pcl::PointXYZ> pcl_cloud;
      |         [01;31m[K^~~[m[K
[01m[K/home/kal1b/catkin_ws/src/avoidance/parallel_planner/src/nodes/vfh_node.cpp:42:25:[m[K [01;31m[Kerror: [m[K‘[01m[Kpcl[m[K’ is not a class, namespace, or enumeration
   42 |         pcl::PointCloud<[01;31m[Kpcl[m[K::PointXYZ> pcl_cloud;
      |                         [01;31m[K^~~[m[K
[01m[K/home/kal1b/catkin_ws/src/avoidance/parallel_planner/src/nodes/vfh_node.cpp:42:40:[m[K [01;31m[Kerror: [m[K‘[01m[Kpcl_cloud[m[K’ was not declared in this scope
   42 |         pcl::PointCloud<pcl::PointXYZ> [01;31m[Kpcl_cloud[m[K;
      |                                        [01;31m[K^~~~~~~~~[m[K
[01m[K/home/kal1b/catkin_ws/src/avoidance/parallel_planner/src/nodes/vfh_node.cpp:43:9:[m[K [01;31m[Kerror: [m[K‘[01m[Kpcl[m[K’ is not a class, namespace, or enumeration
   43 |         [01;31m[Kpcl[m[K::fromROSMsg(*msg, pcl_cloud);
      |         [01;31m[K^~~[m[K
[01m[K/home/kal1b/catkin_ws/src/avoidance/parallel_planner/src/nodes/vfh_node.cpp:45:23:[m[K [01;31m[Kerror: [m[Krequest for member ‘[01m[Kpush_back[m[K’ in ‘[01m[Kobstacles[m[K’, which is of non-class type ‘[01m[Kint[m[K’
   45 |             obstacles.[01;31m[Kpush_back[m[K(pt);
      |                       [01;31m[K^~~~~~~~~[m[K
[01m[K/home/kal1b/catkin_ws/src/avoidance/parallel_planner/src/nodes/vfh_node.cpp:54:30:[m[K [01;31m[Kerror: [m[K‘[01m[Kbegin[m[K’ was not declared in this scope
   54 |         for (const auto& p : [01;31m[Kobstacles[m[K) {
      |                              [01;31m[K^~~~~~~~~[m[K
[01m[K/home/kal1b/catkin_ws/src/avoidance/parallel_planner/src/nodes/vfh_node.cpp:54:30:[m[K [01;36m[Knote: [m[Ksuggested alternatives:
In file included from [01m[K/usr/include/c++/9/string:54[m[K,
                 from [01m[K/opt/ros/noetic/include/ros/platform.h:38[m[K,
                 from [01m[K/opt/ros/noetic/include/ros/time.h:53[m[K,
                 from [01m[K/opt/ros/noetic/include/ros/ros.h:38[m[K,
                 from [01m[K/home/kal1b/catkin_ws/src/avoidance/parallel_planner/src/nodes/vfh_node.cpp:1[m[K:
[01m[K/usr/include/c++/9/bits/range_access.h:105:37:[m[K [01;36m[Knote: [m[K  ‘[01m[Kstd::begin[m[K’
  105 |   template<typename _Tp> const _Tp* [01;36m[Kbegin[m[K(const valarray<_Tp>&);
      |                                     [01;36m[K^~~~~[m[K
In file included from [01m[K/usr/include/boost/mpl/list/aux_/begin_end.hpp:17[m[K,
                 from [01m[K/usr/include/boost/mpl/list/list0.hpp:27[m[K,
                 from [01m[K/usr/include/boost/mpl/list/list10.hpp:18[m[K,
                 from [01m[K/usr/include/boost/mpl/list/list20.hpp:18[m[K,
                 from [01m[K/usr/include/boost/mpl/list.hpp:36[m[K,
                 from [01m[K/usr/include/boost/math/policies/policy.hpp:9[m[K,
                 from [01m[K/usr/include/boost/math/policies/error_handling.hpp:21[m[K,
                 from [01m[K/usr/include/boost/math/special_functions/round.hpp:14[m[K,
                 from [01m[K/opt/ros/noetic/include/ros/time.h:58[m[K,
                 from [01m[K/opt/ros/noetic/include/ros/ros.h:38[m[K,
                 from [01m[K/home/kal1b/catkin_ws/src/avoidance/parallel_planner/src/nodes/vfh_node.cpp:1[m[K:
[01m[K/usr/include/boost/mpl/begin_end_fwd.hpp:22:38:[m[K [01;36m[Knote: [m[K  ‘[01m[Kboost::mpl::begin[m[K’
   22 | template< typename Sequence > struct [01;36m[Kbegin[m[K;
      |                                      [01;36m[K^~~~~[m[K
In file included from [01m[K/usr/include/boost/range/functions.hpp:18[m[K,
                 from [01m[K/usr/include/boost/range/iterator_range_core.hpp:38[m[K,
                 from [01m[K/usr/include/boost/lexical_cast.hpp:30[m[K,
                 from [01m[K/opt/ros/noetic/include/ros/transport_hints.h:34[m[K,
                 from [01m[K/opt/ros/noetic/include/ros/subscribe_options.h:33[m[K,
                 from [01m[K/opt/ros/noetic/include/ros/node_handle.h:42[m[K,
                 from [01m[K/opt/ros/noetic/include/ros/ros.h:45[m[K,
                 from [01m[K/home/kal1b/catkin_ws/src/avoidance/parallel_planner/src/nodes/vfh_node.cpp:1[m[K:
[01m[K/usr/include/boost/range/begin.hpp:114:61:[m[K [01;36m[Knote: [m[K  ‘[01m[Kboost::range_adl_barrier::begin[m[K’
  114 | inline BOOST_DEDUCED_TYPENAME range_iterator<const T>::type [01;36m[Kbegin[m[K( const T& r )
      |                                                             [01;36m[K^~~~~[m[K
[01m[K/home/kal1b/catkin_ws/src/avoidance/parallel_planner/src/nodes/vfh_node.cpp:54:30:[m[K [01;31m[Kerror: [m[K‘[01m[Kend[m[K’ was not declared in this scope
   54 |         for (const auto& p : [01;31m[Kobstacles[m[K) {
      |                              [01;31m[K^~~~~~~~~[m[K
[01m[K/home/kal1b/catkin_ws/src/avoidance/parallel_planner/src/nodes/vfh_node.cpp:54:30:[m[K [01;36m[Knote: [m[Ksuggested alternatives:
In file included from [01m[K/usr/include/c++/9/string:54[m[K,
                 from [01m[K/opt/ros/noetic/include/ros/platform.h:38[m[K,
                 from [01m[K/opt/ros/noetic/include/ros/time.h:53[m[K,
                 from [01m[K/opt/ros/noetic/include/ros/ros.h:38[m[K,
                 from [01m[K/home/kal1b/catkin_ws/src/avoidance/parallel_planner/src/nodes/vfh_node.cpp:1[m[K:
[01m[K/usr/include/c++/9/bits/range_access.h:107:37:[m[K [01;36m[Knote: [m[K  ‘[01m[Kstd::end[m[K’
  107 |   template<typename _Tp> const _Tp* [01;36m[Kend[m[K(const valarray<_Tp>&);
      |                                     [01;36m[K^~~[m[K
In file included from [01m[K/usr/include/boost/mpl/list/aux_/begin_end.hpp:17[m[K,
                 from [01m[K/usr/include/boost/mpl/list/list0.hpp:27[m[K,
                 from [01m[K/usr/include/boost/mpl/list/list10.hpp:18[m[K,
                 from [01m[K/usr/include/boost/mpl/list/list20.hpp:18[m[K,
                 from [01m[K/usr/include/boost/mpl/list.hpp:36[m[K,
                 from [01m[K/usr/include/boost/math/policies/policy.hpp:9[m[K,
                 from [01m[K/usr/include/boost/math/policies/error_handling.hpp:21[m[K,
                 from [01m[K/usr/include/boost/math/special_functions/round.hpp:14[m[K,
                 from [01m[K/opt/ros/noetic/include/ros/time.h:58[m[K,
                 from [01m[K/opt/ros/noetic/include/ros/ros.h:38[m[K,
                 from [01m[K/home/kal1b/catkin_ws/src/avoidance/parallel_planner/src/nodes/vfh_node.cpp:1[m[K:
[01m[K/usr/include/boost/mpl/begin_end_fwd.hpp:23:38:[m[K [01;36m[Knote: [m[K  ‘[01m[Kboost::mpl::end[m[K’
   23 | template< typename Sequence > struct [01;36m[Kend[m[K;
      |                                      [01;36m[K^~~[m[K
In file included from [01m[K/usr/include/boost/range/functions.hpp:19[m[K,
                 from [01m[K/usr/include/boost/range/iterator_range_core.hpp:38[m[K,
                 from [01m[K/usr/include/boost/lexical_cast.hpp:30[m[K,
                 from [01m[K/opt/ros/noetic/include/ros/transport_hints.h:34[m[K,
                 from [01m[K/opt/ros/noetic/include/ros/subscribe_options.h:33[m[K,
                 from [01m[K/opt/ros/noetic/include/ros/node_handle.h:42[m[K,
                 from [01m[K/opt/ros/noetic/include/ros/ros.h:45[m[K,
                 from [01m[K/home/kal1b/catkin_ws/src/avoidance/parallel_planner/src/nodes/vfh_node.cpp:1[m[K:
[01m[K/usr/include/boost/range/end.hpp:108:61:[m[K [01;36m[Knote: [m[K  ‘[01m[Kboost::range_adl_barrier::end[m[K’
  108 | inline BOOST_DEDUCED_TYPENAME range_iterator<const T>::type [01;36m[Kend[m[K( const T& r )
      |                                                             [01;36m[K^~~[m[K
make[2]: *** [CMakeFiles/vfh_node.dir/build.make:63: CMakeFiles/vfh_node.dir/src/nodes/vfh_node.cpp.o] Ошибка 1
make[1]: *** [CMakeFiles/Makefile2:226: CMakeFiles/vfh_node.dir/all] Ошибка 2
make: *** [Makefile:141: all] Ошибка 2
