[01m[K/home/kal1b/catkin_ws/src/avoidance/parallel_planner/src/nodes/vfh_node.cpp:25:49:[m[K [01;31m[Kerror: [m[K‘[01m[KPlannerConfig[m[K’ is not a member of ‘[01m[Kparallel_planner[m[K’; did you mean ‘[01m[KPlannerConfigConfig[m[K’?
   25 |   dynamic_reconfigure::Server<parallel_planner::[01;31m[KPlannerConfig[m[K> dyn_server_;
      |                                                 [01;31m[K^~~~~~~~~~~~~[m[K
      |                                                 [32m[KPlannerConfigConfig[m[K
[01m[K/home/kal1b/catkin_ws/src/avoidance/parallel_planner/src/nodes/vfh_node.cpp:25:49:[m[K [01;31m[Kerror: [m[K‘[01m[KPlannerConfig[m[K’ is not a member of ‘[01m[Kparallel_planner[m[K’; did you mean ‘[01m[KPlannerConfigConfig[m[K’?
   25 |   dynamic_reconfigure::Server<parallel_planner::[01;31m[KPlannerConfig[m[K> dyn_server_;
      |                                                 [01;31m[K^~~~~~~~~~~~~[m[K
      |                                                 [32m[KPlannerConfigConfig[m[K
[01m[K/home/kal1b/catkin_ws/src/avoidance/parallel_planner/src/nodes/vfh_node.cpp:25:62:[m[K [01;31m[Kerror: [m[Ktemplate argument 1 is invalid
   25 |   dynamic_reconfigure::Server<parallel_planner::PlannerConfig[01;31m[K>[m[K dyn_server_;
      |                                                              [01;31m[K^[m[K
[01m[K/home/kal1b/catkin_ws/src/avoidance/parallel_planner/src/nodes/vfh_node.cpp:26:21:[m[K [01;31m[Kerror: [m[K‘[01m[KPlannerConfig[m[K’ in namespace ‘[01m[Kparallel_planner[m[K’ does not name a type; did you mean ‘[01m[KPlannerConfigConfig[m[K’?
   26 |   parallel_planner::[01;31m[KPlannerConfig[m[K current_config_;
      |                     [01;31m[K^~~~~~~~~~~~~[m[K
      |                     [32m[KPlannerConfigConfig[m[K
[01m[K/home/kal1b/catkin_ws/src/avoidance/parallel_planner/src/nodes/vfh_node.cpp:43:45:[m[K [01;31m[Kerror: [m[K‘[01m[Kparallel_planner::PlannerConfig[m[K’ has not been declared
   43 |     void reconfigCallback(parallel_planner::[01;31m[KPlannerConfig[m[K& config, uint32_t level)
      |                                             [01;31m[K^~~~~~~~~~~~~[m[K
[01m[K/home/kal1b/catkin_ws/src/avoidance/parallel_planner/src/nodes/vfh_node.cpp:[m[K In member function ‘[01m[Kvoid VFHNode::pointCloudCallback(const ConstPtr&)[m[K’:
[01m[K/home/kal1b/catkin_ws/src/avoidance/parallel_planner/src/nodes/vfh_node.cpp:35:9:[m[K [01;31m[Kerror: [m[K‘[01m[Kcmd_pub_[m[K’ was not declared in this scope
   35 |         [01;31m[Kcmd_pub_[m[K.publish(cmd);
      |         [01;31m[K^~~~~~~~[m[K
[01m[K/home/kal1b/catkin_ws/src/avoidance/parallel_planner/src/nodes/vfh_node.cpp:[m[K In member function ‘[01m[Kvoid VFHNode::reconfigCallback(int&, uint32_t)[m[K’:
[01m[K/home/kal1b/catkin_ws/src/avoidance/parallel_planner/src/nodes/vfh_node.cpp:45:9:[m[K [01;31m[Kerror: [m[K‘[01m[Kcurrent_config_[m[K’ was not declared in this scope
   45 |         [01;31m[Kcurrent_config_[m[K = config;
      |         [01;31m[K^~~~~~~~~~~~~~~[m[K
In file included from [01m[K/opt/ros/noetic/include/ros/ros.h:40[m[K,
                 from [01m[K/home/kal1b/catkin_ws/src/avoidance/parallel_planner/src/nodes/vfh_node.cpp:1[m[K:
[01m[K/home/kal1b/catkin_ws/src/avoidance/parallel_planner/src/nodes/vfh_node.cpp:47:40:[m[K [01;31m[Kerror: [m[Krequest for member ‘[01m[Kvfh_cost_yaw_weight[m[K’ in ‘[01m[Kconfig[m[K’, which is of non-class type ‘[01m[Kint[m[K’
   47 |             << "yaw_weight=" << config.[01;31m[Kvfh_cost_yaw_weight[m[K
      |                                        [01;31m[K^~~~~~~~~~~~~~~~~~~[m[K
[01m[K/opt/ros/noetic/include/ros/console.h:361:64:[m[K [01;36m[Knote: [m[Kin definition of macro ‘[01m[KROSCONSOLE_PRINT_STREAM_AT_LOCATION_WITH_FILTER[m[K’
  361 |     __rosconsole_print_stream_at_location_with_filter__ss__ << [01;36m[Kargs[m[K; \
      |                                                                [01;36m[K^~~~[m[K
[01m[K/opt/ros/noetic/include/ros/console.h:409:7:[m[K [01;36m[Knote: [m[Kin expansion of macro ‘[01m[KROSCONSOLE_PRINT_STREAM_AT_LOCATION[m[K’
  409 |       [01;36m[KROSCONSOLE_PRINT_STREAM_AT_LOCATION[m[K(args); \
      |       [01;36m[K^~~~~~~~~~~~~~~~~~~~~~~~~~~~~~~~~~~[m[K
[01m[K/opt/ros/noetic/include/ros/console.h:582:43:[m[K [01;36m[Knote: [m[Kin expansion of macro ‘[01m[KROS_LOG_STREAM_COND[m[K’
  582 | #define ROS_LOG_STREAM(level, name, args) [01;36m[KROS_LOG_STREAM_COND[m[K(true, level, name, args)
      |                                           [01;36m[K^~~~~~~~~~~~~~~~~~~[m[K
[01m[K/opt/ros/noetic/include/rosconsole/macros_generated.h:111:31:[m[K [01;36m[Knote: [m[Kin expansion of macro ‘[01m[KROS_LOG_STREAM[m[K’
  111 | #define ROS_INFO_STREAM(args) [01;36m[KROS_LOG_STREAM[m[K(::ros::console::levels::Info, ROSCONSOLE_DEFAULT_NAME, args)
      |                               [01;36m[K^~~~~~~~~~~~~~[m[K
[01m[K/home/kal1b/catkin_ws/src/avoidance/parallel_planner/src/nodes/vfh_node.cpp:46:9:[m[K [01;36m[Knote: [m[Kin expansion of macro ‘[01m[KROS_INFO_STREAM[m[K’
   46 |         [01;36m[KROS_INFO_STREAM[m[K("Reconfigured: "
      |         [01;36m[K^~~~~~~~~~~~~~~[m[K
[01m[K/home/kal1b/catkin_ws/src/avoidance/parallel_planner/src/nodes/vfh_node.cpp:48:43:[m[K [01;31m[Kerror: [m[Krequest for member ‘[01m[Kvfh_cost_goal_weight[m[K’ in ‘[01m[Kconfig[m[K’, which is of non-class type ‘[01m[Kint[m[K’
   48 |             << ", goal_weight=" << config.[01;31m[Kvfh_cost_goal_weight[m[K
      |                                           [01;31m[K^~~~~~~~~~~~~~~~~~~~[m[K
[01m[K/opt/ros/noetic/include/ros/console.h:361:64:[m[K [01;36m[Knote: [m[Kin definition of macro ‘[01m[KROSCONSOLE_PRINT_STREAM_AT_LOCATION_WITH_FILTER[m[K’
  361 |     __rosconsole_print_stream_at_location_with_filter__ss__ << [01;36m[Kargs[m[K; \
      |                                                                [01;36m[K^~~~[m[K
[01m[K/opt/ros/noetic/include/ros/console.h:409:7:[m[K [01;36m[Knote: [m[Kin expansion of macro ‘[01m[KROSCONSOLE_PRINT_STREAM_AT_LOCATION[m[K’
  409 |       [01;36m[KROSCONSOLE_PRINT_STREAM_AT_LOCATION[m[K(args); \
      |       [01;36m[K^~~~~~~~~~~~~~~~~~~~~~~~~~~~~~~~~~~[m[K
[01m[K/opt/ros/noetic/include/ros/console.h:582:43:[m[K [01;36m[Knote: [m[Kin expansion of macro ‘[01m[KROS_LOG_STREAM_COND[m[K’
  582 | #define ROS_LOG_STREAM(level, name, args) [01;36m[KROS_LOG_STREAM_COND[m[K(true, level, name, args)
      |                                           [01;36m[K^~~~~~~~~~~~~~~~~~~[m[K
[01m[K/opt/ros/noetic/include/rosconsole/macros_generated.h:111:31:[m[K [01;36m[Knote: [m[Kin expansion of macro ‘[01m[KROS_LOG_STREAM[m[K’
  111 | #define ROS_INFO_STREAM(args) [01;36m[KROS_LOG_STREAM[m[K(::ros::console::levels::Info, ROSCONSOLE_DEFAULT_NAME, args)
      |                               [01;36m[K^~~~~~~~~~~~~~[m[K
[01m[K/home/kal1b/catkin_ws/src/avoidance/parallel_planner/src/nodes/vfh_node.cpp:46:9:[m[K [01;36m[Knote: [m[Kin expansion of macro ‘[01m[KROS_INFO_STREAM[m[K’
   46 |         [01;36m[KROS_INFO_STREAM[m[K("Reconfigured: "
      |         [01;36m[K^~~~~~~~~~~~~~~[m[K
[01m[K/home/kal1b/catkin_ws/src/avoidance/parallel_planner/src/nodes/vfh_node.cpp:49:42:[m[K [01;31m[Kerror: [m[Krequest for member ‘[01m[Kvfh_horizontal_res[m[K’ in ‘[01m[Kconfig[m[K’, which is of non-class type ‘[01m[Kint[m[K’
   49 |             << ", resolution=" << config.[01;31m[Kvfh_horizontal_res[m[K);
      |                                          [01;31m[K^~~~~~~~~~~~~~~~~~[m[K
[01m[K/opt/ros/noetic/include/ros/console.h:361:64:[m[K [01;36m[Knote: [m[Kin definition of macro ‘[01m[KROSCONSOLE_PRINT_STREAM_AT_LOCATION_WITH_FILTER[m[K’
  361 |     __rosconsole_print_stream_at_location_with_filter__ss__ << [01;36m[Kargs[m[K; \
      |                                                                [01;36m[K^~~~[m[K
[01m[K/opt/ros/noetic/include/ros/console.h:409:7:[m[K [01;36m[Knote: [m[Kin expansion of macro ‘[01m[KROSCONSOLE_PRINT_STREAM_AT_LOCATION[m[K’
  409 |       [01;36m[KROSCONSOLE_PRINT_STREAM_AT_LOCATION[m[K(args); \
      |       [01;36m[K^~~~~~~~~~~~~~~~~~~~~~~~~~~~~~~~~~~[m[K
[01m[K/opt/ros/noetic/include/ros/console.h:582:43:[m[K [01;36m[Knote: [m[Kin expansion of macro ‘[01m[KROS_LOG_STREAM_COND[m[K’
  582 | #define ROS_LOG_STREAM(level, name, args) [01;36m[KROS_LOG_STREAM_COND[m[K(true, level, name, args)
      |                                           [01;36m[K^~~~~~~~~~~~~~~~~~~[m[K
[01m[K/opt/ros/noetic/include/rosconsole/macros_generated.h:111:31:[m[K [01;36m[Knote: [m[Kin expansion of macro ‘[01m[KROS_LOG_STREAM[m[K’
  111 | #define ROS_INFO_STREAM(args) [01;36m[KROS_LOG_STREAM[m[K(::ros::console::levels::Info, ROSCONSOLE_DEFAULT_NAME, args)
      |                               [01;36m[K^~~~~~~~~~~~~~[m[K
[01m[K/home/kal1b/catkin_ws/src/avoidance/parallel_planner/src/nodes/vfh_node.cpp:46:9:[m[K [01;36m[Knote: [m[Kin expansion of macro ‘[01m[KROS_INFO_STREAM[m[K’
   46 |         [01;36m[KROS_INFO_STREAM[m[K("Reconfigured: "
      |         [01;36m[K^~~~~~~~~~~~~~~[m[K
[01m[K/home/kal1b/catkin_ws/src/avoidance/parallel_planner/src/nodes/vfh_node.cpp:[m[K At global scope:
[01m[K/home/kal1b/catkin_ws/src/avoidance/parallel_planner/src/nodes/vfh_node.cpp:53:1:[m[K [01;31m[Kerror: [m[Kexpected unqualified-id before ‘[01m[Kpublic[m[K’
   53 | [01;31m[Kpublic[m[K:
      | [01;31m[K^~~~~~[m[K
[01m[K/home/kal1b/catkin_ws/src/avoidance/parallel_planner/src/nodes/vfh_node.cpp:[m[K In function ‘[01m[Kvoid stateCallback(const ConstPtr&)[m[K’:
[01m[K/home/kal1b/catkin_ws/src/avoidance/parallel_planner/src/nodes/vfh_node.cpp:79:27:[m[K [01;31m[Kerror: [m[K‘[01m[Kcurrent_yaw_[m[K’ was not declared in this scope
   79 |     m.getRPY(roll, pitch, [01;31m[Kcurrent_yaw_[m[K);
      |                           [01;31m[K^~~~~~~~~~~~[m[K
[01m[K/home/kal1b/catkin_ws/src/avoidance/parallel_planner/src/nodes/vfh_node.cpp:[m[K In function ‘[01m[Kvoid pointCloudCallback(const ConstPtr&)[m[K’:
[01m[K/home/kal1b/catkin_ws/src/avoidance/parallel_planner/src/nodes/vfh_node.cpp:84:13:[m[K [01;31m[Kerror: [m[K‘[01m[Knum_sectors_[m[K’ was not declared in this scope
   84 |     int n = [01;31m[Knum_sectors_[m[K;
      |             [01;31m[K^~~~~~~~~~~~[m[K
[01m[K/home/kal1b/catkin_ws/src/avoidance/parallel_planner/src/nodes/vfh_node.cpp:92:18:[m[K [01;31m[Kerror: [m[K‘[01m[Ksafety_dist_[m[K’ was not declared in this scope
   92 |       if (dist < [01;31m[Ksafety_dist_[m[K) {
      |                  [01;31m[K^~~~~~~~~~~~[m[K
[01m[K/home/kal1b/catkin_ws/src/avoidance/parallel_planner/src/nodes/vfh_node.cpp:126:9:[m[K [01;31m[Kerror: [m[K‘[01m[Knav_pub_[m[K’ was not declared in this scope
  126 |         [01;31m[Knav_pub_[m[K.publish(stop_cmd);
      |         [01;31m[K^~~~~~~~[m[K
[01m[K/home/kal1b/catkin_ws/src/avoidance/parallel_planner/src/nodes/vfh_node.cpp:141:44:[m[K [01;31m[Kerror: [m[K‘[01m[Kmax_yaw_rate_[m[K’ was not declared in this scope
  141 |       yaw_rate_cmd = (relative_angle > 0 ? [01;31m[Kmax_yaw_rate_[m[K : -max_yaw_rate_);
      |                                            [01;31m[K^~~~~~~~~~~~~[m[K
[01m[K/home/kal1b/catkin_ws/src/avoidance/parallel_planner/src/nodes/vfh_node.cpp:145:26:[m[K [01;31m[Kerror: [m[K‘[01m[Kforward_speed_[m[K’ was not declared in this scope; did you mean ‘[01m[Kforward_cmd[m[K’?
  145 |     double forward_cmd = [01;31m[Kforward_speed_[m[K;
      |                          [01;31m[K^~~~~~~~~~~~~~[m[K
      |                          [32m[Kforward_cmd[m[K
[01m[K/home/kal1b/catkin_ws/src/avoidance/parallel_planner/src/nodes/vfh_node.cpp:157:5:[m[K [01;31m[Kerror: [m[K‘[01m[Knav_pub_[m[K’ was not declared in this scope
  157 |     [01;31m[Knav_pub_[m[K.publish(cmd);
      |     [01;31m[K^~~~~~~~[m[K
[01m[K/home/kal1b/catkin_ws/src/avoidance/parallel_planner/src/nodes/vfh_node.cpp:[m[K At global scope:
[01m[K/home/kal1b/catkin_ws/src/avoidance/parallel_planner/src/nodes/vfh_node.cpp:159:1:[m[K [01;31m[Kerror: [m[Kexpected declaration before ‘[01m[K}[m[K’ token
  159 | [01;31m[K}[m[K;
      | [01;31m[K^[m[K
make[2]: *** [CMakeFiles/vfh_node.dir/build.make:63: CMakeFiles/vfh_node.dir/src/nodes/vfh_node.cpp.o] Ошибка 1
make[1]: *** [CMakeFiles/Makefile2:229: CMakeFiles/vfh_node.dir/all] Ошибка 2
make: *** [Makefile:141: all] Ошибка 2
