[  0%] Built target nav_msgs_generate_messages_eus
[  0%] Built target std_srvs_generate_messages_eus
[ 14%] [34m[1mGenerating dynamic reconfigure files from /home/kal1b/catkin_ws/src/avoidance/parallel_planner/cfg/PlannerConfig.cfg: /home/kal1b/catkin_ws/devel/.private/parallel_planner/include/parallel_planner/PlannerConfigConfig.h /home/kal1b/catkin_ws/devel/.private/parallel_planner/lib/python3/dist-packages/parallel_planner/cfg/PlannerConfigConfig.py[0m
[ 14%] Built target tf2_msgs_generate_messages_nodejs
[ 14%] Built target nav_msgs_generate_messages_lisp
[ 14%] Built target actionlib_generate_messages_py
[ 14%] Built target tf2_msgs_generate_messages_lisp
[ 14%] Built target actionlib_msgs_generate_messages_py
[ 14%] Built target nav_msgs_generate_messages_py
[ 14%] Built target actionlib_generate_messages_nodejs
[ 14%] Built target nav_msgs_generate_messages_cpp
[ 14%] Built target actionlib_generate_messages_cpp
[ 14%] Built target tf_generate_messages_cpp
[ 14%] Built target tf_generate_messages_lisp
[ 14%] Built target actionlib_msgs_generate_messages_cpp
[ 14%] Built target tf_generate_messages_nodejs
[ 14%] Built target rosgraph_msgs_generate_messages_nodejs
[ 14%] Built target topic_tools_generate_messages_lisp
[ 14%] Built target topic_tools_generate_messages_nodejs
[ 14%] Built target sensor_msgs_generate_messages_cpp
[ 14%] Built target nav_msgs_generate_messages_nodejs
[ 14%] Built target pcl_msgs_generate_messages_cpp
[ 14%] Built target geometry_msgs_generate_messages_eus
[ 14%] Built target std_msgs_generate_messages_nodejs
[ 14%] Built target std_msgs_generate_messages_py
[ 14%] Built target std_msgs_generate_messages_cpp
[ 14%] Built target topic_tools_generate_messages_eus
[ 14%] Built target nodelet_generate_messages_lisp
[ 14%] Built target actionlib_generate_messages_lisp
[ 14%] Built target roscpp_generate_messages_lisp
[ 14%] Built target std_msgs_generate_messages_lisp
[ 14%] Built target rosgraph_msgs_generate_messages_py
[ 14%] Built target actionlib_msgs_generate_messages_eus
[ 14%] Built target std_srvs_generate_messages_cpp
[ 14%] Built target tf_generate_messages_eus
[ 14%] Built target dynamic_reconfigure_generate_messages_py
[ 14%] Built target topic_tools_generate_messages_py
[ 14%] Built target sensor_msgs_generate_messages_nodejs
[ 14%] Built target roscpp_generate_messages_cpp
[ 14%] Built target tf2_msgs_generate_messages_py
[ 14%] Built target rosgraph_msgs_generate_messages_lisp
[ 14%] Built target bond_generate_messages_eus
[ 14%] Built target dynamic_reconfigure_generate_messages_nodejs
[ 14%] Built target bond_generate_messages_cpp
[ 14%] Built target roscpp_generate_messages_py
[ 14%] Built target nodelet_topic_tools_gencfg
[ 14%] Built target sensor_msgs_generate_messages_lisp
[ 14%] Built target sensor_msgs_generate_messages_eus
[ 14%] Built target bond_generate_messages_lisp
[ 14%] Built target sensor_msgs_generate_messages_py
[ 14%] Built target geometry_msgs_generate_messages_cpp
[ 14%] Built target tf2_msgs_generate_messages_eus
[ 14%] Built target geometry_msgs_generate_messages_lisp
[ 14%] Built target geometry_msgs_generate_messages_py
[ 14%] Built target actionlib_msgs_generate_messages_nodejs
[ 14%] Built target roscpp_generate_messages_eus
[ 14%] Built target roscpp_generate_messages_nodejs
[ 14%] Built target actionlib_generate_messages_eus
[ 14%] Built target std_msgs_generate_messages_eus
[ 14%] Built target tf_generate_messages_py
Generating reconfiguration files for PlannerConfig in parallel_planner
[ 14%] Built target actionlib_msgs_generate_messages_lisp
[ 14%] Built target rosgraph_msgs_generate_messages_cpp
[ 14%] Built target rosgraph_msgs_generate_messages_eus
Wrote header file in /home/kal1b/catkin_ws/devel/.private/parallel_planner/include/parallel_planner/PlannerConfigConfig.h
[ 14%] Built target std_srvs_generate_messages_py
[ 14%] Built target dynamic_reconfigure_generate_messages_cpp
[ 14%] Built target dynamic_reconfigure_generate_messages_eus
[ 14%] Built target geometry_msgs_generate_messages_nodejs
[ 14%] Built target pcl_ros_gencfg
[ 14%] Built target dynamic_reconfigure_gencfg
[ 14%] Built target nodelet_generate_messages_cpp
[ 14%] Built target dynamic_reconfigure_generate_messages_lisp
[ 14%] Built target tf2_msgs_generate_messages_cpp
[ 14%] Built target std_srvs_generate_messages_lisp
[ 14%] Built target nodelet_generate_messages_eus
[ 14%] Built target pcl_msgs_generate_messages_eus
[ 14%] Built target nodelet_generate_messages_nodejs
[ 14%] Built target bond_generate_messages_py
[ 14%] Built target pcl_msgs_generate_messages_nodejs
[ 14%] Built target nodelet_generate_messages_py
[ 14%] Built target bond_generate_messages_nodejs
[ 14%] Built target pcl_msgs_generate_messages_lisp
[ 14%] Built target topic_tools_generate_messages_cpp
[ 14%] Built target std_srvs_generate_messages_nodejs
[ 14%] Built target pcl_msgs_generate_messages_py
[ 14%] Built target parallel_planner_gencfg
[35m[1mScanning dependencies of target vfh_node[0m
[ 42%] Built target dsm_node
[ 57%] [32mBuilding CXX object CMakeFiles/vfh_node.dir/src/nodes/vfh_node.cpp.o[0m
[ 85%] Built target kalman_filter_node
[01m[K/home/kal1b/catkin_ws/src/avoidance/parallel_planner/src/nodes/vfh_node.cpp:10:10:[m[K [01;31m[Kfatal error: [m[KPlannerConfigConfig.h: ĞĞµÑ‚ Ñ‚Ğ°ĞºĞ¾Ğ³Ğ¾ Ñ„Ğ°Ğ¹Ğ»Ğ° Ğ¸Ğ»Ğ¸ ĞºĞ°Ñ‚Ğ°Ğ»Ğ¾Ğ³Ğ°
   10 | #include [01;31m[K<PlannerConfigConfig.h>[m[K
      |          [01;31m[K^~~~~~~~~~~~~~~~~~~~~~~[m[K
compilation terminated.
make[2]: *** [CMakeFiles/vfh_node.dir/build.make:63: CMakeFiles/vfh_node.dir/src/nodes/vfh_node.cpp.o] ĞÑˆĞ¸Ğ±ĞºĞ° 1
make[1]: *** [CMakeFiles/Makefile2:229: CMakeFiles/vfh_node.dir/all] ĞÑˆĞ¸Ğ±ĞºĞ° 2
make: *** [Makefile:141: all] ĞÑˆĞ¸Ğ±ĞºĞ° 2
