/usr/bin/ld: CMakeFiles/dsm_node.dir/src/nodes/dsm_node.cpp.o: в функции «main»:
dsm_node.cpp:(.text+0x47f): неопределённая ссылка на «ros::init(int&, char**, std::__cxx11::basic_string<char, std::char_traits<char>, std::allocator<char> > const&, unsigned int)»
/usr/bin/ld: dsm_node.cpp:(.text+0x511): неопределённая ссылка на «ros::NodeHandle::NodeHandle(std::__cxx11::basic_string<char, std::char_traits<char>, std::allocator<char> > const&, std::map<std::__cxx11::basic_string<char, std::char_traits<char>, std::allocator<char> >, std::__cxx11::basic_string<char, std::char_traits<char>, std::allocator<char> >, std::less<std::__cxx11::basic_string<char, std::char_traits<char>, std::allocator<char> > >, std::allocator<std::pair<std::__cxx11::basic_string<char, std::char_traits<char>, std::allocator<char> > const, std::__cxx11::basic_string<char, std::char_traits<char>, std::allocator<char> > > > > const&)»
/usr/bin/ld: dsm_node.cpp:(.text+0x5c0): неопределённая ссылка на «ros::NodeHandle::NodeHandle(std::__cxx11::basic_string<char, std::char_traits<char>, std::allocator<char> > const&, std::map<std::__cxx11::basic_string<char, std::char_traits<char>, std::allocator<char> >, std::__cxx11::basic_string<char, std::char_traits<char>, std::allocator<char> >, std::less<std::__cxx11::basic_string<char, std::char_traits<char>, std::allocator<char> > >, std::allocator<std::pair<std::__cxx11::basic_string<char, std::char_traits<char>, std::allocator<char> > const, std::__cxx11::basic_string<char, std::char_traits<char>, std::allocator<char> > > > > const&)»
/usr/bin/ld: dsm_node.cpp:(.text+0x964): неопределённая ссылка на «ros::Publisher::~Publisher()»
/usr/bin/ld: dsm_node.cpp:(.text+0x99d): неопределённая ссылка на «ros::Rate::Rate(double)»
/usr/bin/ld: dsm_node.cpp:(.text+0x9a2): неопределённая ссылка на «ros::ok()»
/usr/bin/ld: dsm_node.cpp:(.text+0x9ab): неопределённая ссылка на «ros::spinOnce()»
/usr/bin/ld: dsm_node.cpp:(.text+0x9bf): неопределённая ссылка на «ros::Rate::sleep()»
/usr/bin/ld: dsm_node.cpp:(.text+0x9d5): неопределённая ссылка на «ros::Subscriber::~Subscriber()»
/usr/bin/ld: dsm_node.cpp:(.text+0x9e4): неопределённая ссылка на «ros::Subscriber::~Subscriber()»
/usr/bin/ld: dsm_node.cpp:(.text+0x9f3): неопределённая ссылка на «ros::NodeHandle::~NodeHandle()»
/usr/bin/ld: dsm_node.cpp:(.text+0xa02): неопределённая ссылка на «ros::NodeHandle::~NodeHandle()»
/usr/bin/ld: dsm_node.cpp:(.text+0xbf4): неопределённая ссылка на «ros::Subscriber::~Subscriber()»
/usr/bin/ld: dsm_node.cpp:(.text+0xc03): неопределённая ссылка на «ros::Subscriber::~Subscriber()»
/usr/bin/ld: dsm_node.cpp:(.text+0xc12): неопределённая ссылка на «ros::NodeHandle::~NodeHandle()»
/usr/bin/ld: dsm_node.cpp:(.text+0xc21): неопределённая ссылка на «ros::NodeHandle::~NodeHandle()»
/usr/bin/ld: CMakeFiles/dsm_node.dir/src/nodes/dsm_node.cpp.o: в функции «__static_initialization_and_destruction_0(int, int)»:
dsm_node.cpp:(.text+0xce0): неопределённая ссылка на «ros::Publisher::~Publisher()»
/usr/bin/ld: CMakeFiles/dsm_node.dir/src/nodes/dsm_node.cpp.o: в функции «void ros::Publisher::publish<geometry_msgs::Twist_<std::allocator<void> > >(geometry_msgs::Twist_<std::allocator<void> > const&) const»:
dsm_node.cpp:(.text._ZNK3ros9Publisher7publishIN13geometry_msgs6Twist_ISaIvEEEEEvRKT_[_ZNK3ros9Publisher7publishIN13geometry_msgs6Twist_ISaIvEEEEEvRKT_]+0x4b): неопределённая ссылка на «ros::console::g_initialized»
/usr/bin/ld: dsm_node.cpp:(.text._ZNK3ros9Publisher7publishIN13geometry_msgs6Twist_ISaIvEEEEEvRKT_[_ZNK3ros9Publisher7publishIN13geometry_msgs6Twist_ISaIvEEEEEvRKT_]+0x5b): неопределённая ссылка на «ros::console::initialize()»
/usr/bin/ld: dsm_node.cpp:(.text._ZNK3ros9Publisher7publishIN13geometry_msgs6Twist_ISaIvEEEEEvRKT_[_ZNK3ros9Publisher7publishIN13geometry_msgs6Twist_ISaIvEEEEEvRKT_]+0xae): неопределённая ссылка на «ros::console::initializeLogLocation(ros::console::LogLocation*, std::__cxx11::basic_string<char, std::char_traits<char>, std::allocator<char> > const&, ros::console::levels::Level)»
/usr/bin/ld: dsm_node.cpp:(.text._ZNK3ros9Publisher7publishIN13geometry_msgs6Twist_ISaIvEEEEEvRKT_[_ZNK3ros9Publisher7publishIN13geometry_msgs6Twist_ISaIvEEEEEvRKT_]+0xee): неопределённая ссылка на «ros::console::setLogLocationLevel(ros::console::LogLocation*, ros::console::levels::Level)»
/usr/bin/ld: dsm_node.cpp:(.text._ZNK3ros9Publisher7publishIN13geometry_msgs6Twist_ISaIvEEEEEvRKT_[_ZNK3ros9Publisher7publishIN13geometry_msgs6Twist_ISaIvEEEEEvRKT_]+0xfa): неопределённая ссылка на «ros::console::checkLogLocationEnabled(ros::console::LogLocation*)»
/usr/bin/ld: dsm_node.cpp:(.text._ZNK3ros9Publisher7publishIN13geometry_msgs6Twist_ISaIvEEEEEvRKT_[_ZNK3ros9Publisher7publishIN13geometry_msgs6Twist_ISaIvEEEEEvRKT_]+0x160): неопределённая ссылка на «ros::console::print(ros::console::FilterBase*, void*, ros::console::levels::Level, char const*, int, char const*, char const*, ...)»
/usr/bin/ld: dsm_node.cpp:(.text._ZNK3ros9Publisher7publishIN13geometry_msgs6Twist_ISaIvEEEEEvRKT_[_ZNK3ros9Publisher7publishIN13geometry_msgs6Twist_ISaIvEEEEEvRKT_]+0x16b): неопределённая ссылка на «ros::console::g_initialized»
/usr/bin/ld: dsm_node.cpp:(.text._ZNK3ros9Publisher7publishIN13geometry_msgs6Twist_ISaIvEEEEEvRKT_[_ZNK3ros9Publisher7publishIN13geometry_msgs6Twist_ISaIvEEEEEvRKT_]+0x17b): неопределённая ссылка на «ros::console::initialize()»
/usr/bin/ld: dsm_node.cpp:(.text._ZNK3ros9Publisher7publishIN13geometry_msgs6Twist_ISaIvEEEEEvRKT_[_ZNK3ros9Publisher7publishIN13geometry_msgs6Twist_ISaIvEEEEEvRKT_]+0x1ce): неопределённая ссылка на «ros::console::initializeLogLocation(ros::console::LogLocation*, std::__cxx11::basic_string<char, std::char_traits<char>, std::allocator<char> > const&, ros::console::levels::Level)»
/usr/bin/ld: dsm_node.cpp:(.text._ZNK3ros9Publisher7publishIN13geometry_msgs6Twist_ISaIvEEEEEvRKT_[_ZNK3ros9Publisher7publishIN13geometry_msgs6Twist_ISaIvEEEEEvRKT_]+0x20e): неопределённая ссылка на «ros::console::setLogLocationLevel(ros::console::LogLocation*, ros::console::levels::Level)»
/usr/bin/ld: dsm_node.cpp:(.text._ZNK3ros9Publisher7publishIN13geometry_msgs6Twist_ISaIvEEEEEvRKT_[_ZNK3ros9Publisher7publishIN13geometry_msgs6Twist_ISaIvEEEEEvRKT_]+0x21a): неопределённая ссылка на «ros::console::checkLogLocationEnabled(ros::console::LogLocation*)»
/usr/bin/ld: dsm_node.cpp:(.text._ZNK3ros9Publisher7publishIN13geometry_msgs6Twist_ISaIvEEEEEvRKT_[_ZNK3ros9Publisher7publishIN13geometry_msgs6Twist_ISaIvEEEEEvRKT_]+0x272): неопределённая ссылка на «ros::console::print(ros::console::FilterBase*, void*, ros::console::levels::Level, char const*, int, char const*, char const*, ...)»
/usr/bin/ld: dsm_node.cpp:(.text._ZNK3ros9Publisher7publishIN13geometry_msgs6Twist_ISaIvEEEEEvRKT_[_ZNK3ros9Publisher7publishIN13geometry_msgs6Twist_ISaIvEEEEEvRKT_]+0x27d): неопределённая ссылка на «ros::console::g_initialized»
/usr/bin/ld: dsm_node.cpp:(.text._ZNK3ros9Publisher7publishIN13geometry_msgs6Twist_ISaIvEEEEEvRKT_[_ZNK3ros9Publisher7publishIN13geometry_msgs6Twist_ISaIvEEEEEvRKT_]+0x28d): неопределённая ссылка на «ros::console::initialize()»
/usr/bin/ld: dsm_node.cpp:(.text._ZNK3ros9Publisher7publishIN13geometry_msgs6Twist_ISaIvEEEEEvRKT_[_ZNK3ros9Publisher7publishIN13geometry_msgs6Twist_ISaIvEEEEEvRKT_]+0x2e0): неопределённая ссылка на «ros::console::initializeLogLocation(ros::console::LogLocation*, std::__cxx11::basic_string<char, std::char_traits<char>, std::allocator<char> > const&, ros::console::levels::Level)»
/usr/bin/ld: dsm_node.cpp:(.text._ZNK3ros9Publisher7publishIN13geometry_msgs6Twist_ISaIvEEEEEvRKT_[_ZNK3ros9Publisher7publishIN13geometry_msgs6Twist_ISaIvEEEEEvRKT_]+0x320): неопределённая ссылка на «ros::console::setLogLocationLevel(ros::console::LogLocation*, ros::console::levels::Level)»
/usr/bin/ld: dsm_node.cpp:(.text._ZNK3ros9Publisher7publishIN13geometry_msgs6Twist_ISaIvEEEEEvRKT_[_ZNK3ros9Publisher7publishIN13geometry_msgs6Twist_ISaIvEEEEEvRKT_]+0x32c): неопределённая ссылка на «ros::console::checkLogLocationEnabled(ros::console::LogLocation*)»
/usr/bin/ld: dsm_node.cpp:(.text._ZNK3ros9Publisher7publishIN13geometry_msgs6Twist_ISaIvEEEEEvRKT_[_ZNK3ros9Publisher7publishIN13geometry_msgs6Twist_ISaIvEEEEEvRKT_]+0x384): неопределённая ссылка на «ros::console::print(ros::console::FilterBase*, void*, ros::console::levels::Level, char const*, int, char const*, char const*, ...)»
/usr/bin/ld: dsm_node.cpp:(.text._ZNK3ros9Publisher7publishIN13geometry_msgs6Twist_ISaIvEEEEEvRKT_[_ZNK3ros9Publisher7publishIN13geometry_msgs6Twist_ISaIvEEEEEvRKT_]+0x3a5): неопределённая ссылка на «ros::Publisher::Impl::isValid() const»
/usr/bin/ld: dsm_node.cpp:(.text._ZNK3ros9Publisher7publishIN13geometry_msgs6Twist_ISaIvEEEEEvRKT_[_ZNK3ros9Publisher7publishIN13geometry_msgs6Twist_ISaIvEEEEEvRKT_]+0x3b7): неопределённая ссылка на «ros::console::g_initialized»
/usr/bin/ld: dsm_node.cpp:(.text._ZNK3ros9Publisher7publishIN13geometry_msgs6Twist_ISaIvEEEEEvRKT_[_ZNK3ros9Publisher7publishIN13geometry_msgs6Twist_ISaIvEEEEEvRKT_]+0x3c7): неопределённая ссылка на «ros::console::initialize()»
/usr/bin/ld: dsm_node.cpp:(.text._ZNK3ros9Publisher7publishIN13geometry_msgs6Twist_ISaIvEEEEEvRKT_[_ZNK3ros9Publisher7publishIN13geometry_msgs6Twist_ISaIvEEEEEvRKT_]+0x41a): неопределённая ссылка на «ros::console::initializeLogLocation(ros::console::LogLocation*, std::__cxx11::basic_string<char, std::char_traits<char>, std::allocator<char> > const&, ros::console::levels::Level)»
/usr/bin/ld: dsm_node.cpp:(.text._ZNK3ros9Publisher7publishIN13geometry_msgs6Twist_ISaIvEEEEEvRKT_[_ZNK3ros9Publisher7publishIN13geometry_msgs6Twist_ISaIvEEEEEvRKT_]+0x45a): неопределённая ссылка на «ros::console::setLogLocationLevel(ros::console::LogLocation*, ros::console::levels::Level)»
/usr/bin/ld: dsm_node.cpp:(.text._ZNK3ros9Publisher7publishIN13geometry_msgs6Twist_ISaIvEEEEEvRKT_[_ZNK3ros9Publisher7publishIN13geometry_msgs6Twist_ISaIvEEEEEvRKT_]+0x466): неопределённая ссылка на «ros::console::checkLogLocationEnabled(ros::console::LogLocation*)»
/usr/bin/ld: dsm_node.cpp:(.text._ZNK3ros9Publisher7publishIN13geometry_msgs6Twist_ISaIvEEEEEvRKT_[_ZNK3ros9Publisher7publishIN13geometry_msgs6Twist_ISaIvEEEEEvRKT_]+0x4cc): неопределённая ссылка на «ros::console::print(ros::console::FilterBase*, void*, ros::console::levels::Level, char const*, int, char const*, char const*, ...)»
/usr/bin/ld: dsm_node.cpp:(.text._ZNK3ros9Publisher7publishIN13geometry_msgs6Twist_ISaIvEEEEEvRKT_[_ZNK3ros9Publisher7publishIN13geometry_msgs6Twist_ISaIvEEEEEvRKT_]+0x4d7): неопределённая ссылка на «ros::console::g_initialized»
/usr/bin/ld: dsm_node.cpp:(.text._ZNK3ros9Publisher7publishIN13geometry_msgs6Twist_ISaIvEEEEEvRKT_[_ZNK3ros9Publisher7publishIN13geometry_msgs6Twist_ISaIvEEEEEvRKT_]+0x4e7): неопределённая ссылка на «ros::console::initialize()»
/usr/bin/ld: dsm_node.cpp:(.text._ZNK3ros9Publisher7publishIN13geometry_msgs6Twist_ISaIvEEEEEvRKT_[_ZNK3ros9Publisher7publishIN13geometry_msgs6Twist_ISaIvEEEEEvRKT_]+0x53a): неопределённая ссылка на «ros::console::initializeLogLocation(ros::console::LogLocation*, std::__cxx11::basic_string<char, std::char_traits<char>, std::allocator<char> > const&, ros::console::levels::Level)»
/usr/bin/ld: dsm_node.cpp:(.text._ZNK3ros9Publisher7publishIN13geometry_msgs6Twist_ISaIvEEEEEvRKT_[_ZNK3ros9Publisher7publishIN13geometry_msgs6Twist_ISaIvEEEEEvRKT_]+0x57a): неопределённая ссылка на «ros::console::setLogLocationLevel(ros::console::LogLocation*, ros::console::levels::Level)»
/usr/bin/ld: dsm_node.cpp:(.text._ZNK3ros9Publisher7publishIN13geometry_msgs6Twist_ISaIvEEEEEvRKT_[_ZNK3ros9Publisher7publishIN13geometry_msgs6Twist_ISaIvEEEEEvRKT_]+0x586): неопределённая ссылка на «ros::console::checkLogLocationEnabled(ros::console::LogLocation*)»
/usr/bin/ld: dsm_node.cpp:(.text._ZNK3ros9Publisher7publishIN13geometry_msgs6Twist_ISaIvEEEEEvRKT_[_ZNK3ros9Publisher7publishIN13geometry_msgs6Twist_ISaIvEEEEEvRKT_]+0x5f5): неопределённая ссылка на «ros::console::print(ros::console::FilterBase*, void*, ros::console::levels::Level, char const*, int, char const*, char const*, ...)»
/usr/bin/ld: dsm_node.cpp:(.text._ZNK3ros9Publisher7publishIN13geometry_msgs6Twist_ISaIvEEEEEvRKT_[_ZNK3ros9Publisher7publishIN13geometry_msgs6Twist_ISaIvEEEEEvRKT_]+0x600): неопределённая ссылка на «ros::console::g_initialized»
/usr/bin/ld: dsm_node.cpp:(.text._ZNK3ros9Publisher7publishIN13geometry_msgs6Twist_ISaIvEEEEEvRKT_[_ZNK3ros9Publisher7publishIN13geometry_msgs6Twist_ISaIvEEEEEvRKT_]+0x610): неопределённая ссылка на «ros::console::initialize()»
/usr/bin/ld: dsm_node.cpp:(.text._ZNK3ros9Publisher7publishIN13geometry_msgs6Twist_ISaIvEEEEEvRKT_[_ZNK3ros9Publisher7publishIN13geometry_msgs6Twist_ISaIvEEEEEvRKT_]+0x663): неопределённая ссылка на «ros::console::initializeLogLocation(ros::console::LogLocation*, std::__cxx11::basic_string<char, std::char_traits<char>, std::allocator<char> > const&, ros::console::levels::Level)»
/usr/bin/ld: dsm_node.cpp:(.text._ZNK3ros9Publisher7publishIN13geometry_msgs6Twist_ISaIvEEEEEvRKT_[_ZNK3ros9Publisher7publishIN13geometry_msgs6Twist_ISaIvEEEEEvRKT_]+0x6a3): неопределённая ссылка на «ros::console::setLogLocationLevel(ros::console::LogLocation*, ros::console::levels::Level)»
/usr/bin/ld: dsm_node.cpp:(.text._ZNK3ros9Publisher7publishIN13geometry_msgs6Twist_ISaIvEEEEEvRKT_[_ZNK3ros9Publisher7publishIN13geometry_msgs6Twist_ISaIvEEEEEvRKT_]+0x6af): неопределённая ссылка на «ros::console::checkLogLocationEnabled(ros::console::LogLocation*)»
/usr/bin/ld: dsm_node.cpp:(.text._ZNK3ros9Publisher7publishIN13geometry_msgs6Twist_ISaIvEEEEEvRKT_[_ZNK3ros9Publisher7publishIN13geometry_msgs6Twist_ISaIvEEEEEvRKT_]+0x707): неопределённая ссылка на «ros::console::print(ros::console::FilterBase*, void*, ros::console::levels::Level, char const*, int, char const*, char const*, ...)»
/usr/bin/ld: dsm_node.cpp:(.text._ZNK3ros9Publisher7publishIN13geometry_msgs6Twist_ISaIvEEEEEvRKT_[_ZNK3ros9Publisher7publishIN13geometry_msgs6Twist_ISaIvEEEEEvRKT_]+0x815): неопределённая ссылка на «ros::console::g_initialized»
/usr/bin/ld: dsm_node.cpp:(.text._ZNK3ros9Publisher7publishIN13geometry_msgs6Twist_ISaIvEEEEEvRKT_[_ZNK3ros9Publisher7publishIN13geometry_msgs6Twist_ISaIvEEEEEvRKT_]+0x825): неопределённая ссылка на «ros::console::initialize()»
/usr/bin/ld: dsm_node.cpp:(.text._ZNK3ros9Publisher7publishIN13geometry_msgs6Twist_ISaIvEEEEEvRKT_[_ZNK3ros9Publisher7publishIN13geometry_msgs6Twist_ISaIvEEEEEvRKT_]+0x878): неопределённая ссылка на «ros::console::initializeLogLocation(ros::console::LogLocation*, std::__cxx11::basic_string<char, std::char_traits<char>, std::allocator<char> > const&, ros::console::levels::Level)»
/usr/bin/ld: dsm_node.cpp:(.text._ZNK3ros9Publisher7publishIN13geometry_msgs6Twist_ISaIvEEEEEvRKT_[_ZNK3ros9Publisher7publishIN13geometry_msgs6Twist_ISaIvEEEEEvRKT_]+0x8b7): неопределённая ссылка на «ros::console::setLogLocationLevel(ros::console::LogLocation*, ros::console::levels::Level)»
/usr/bin/ld: dsm_node.cpp:(.text._ZNK3ros9Publisher7publishIN13geometry_msgs6Twist_ISaIvEEEEEvRKT_[_ZNK3ros9Publisher7publishIN13geometry_msgs6Twist_ISaIvEEEEEvRKT_]+0x8c3): неопределённая ссылка на «ros::console::checkLogLocationEnabled(ros::console::LogLocation*)»
/usr/bin/ld: dsm_node.cpp:(.text._ZNK3ros9Publisher7publishIN13geometry_msgs6Twist_ISaIvEEEEEvRKT_[_ZNK3ros9Publisher7publishIN13geometry_msgs6Twist_ISaIvEEEEEvRKT_]+0x9a2): неопределённая ссылка на «ros::console::print(ros::console::FilterBase*, void*, ros::console::levels::Level, char const*, int, char const*, char const*, ...)»
/usr/bin/ld: dsm_node.cpp:(.text._ZNK3ros9Publisher7publishIN13geometry_msgs6Twist_ISaIvEEEEEvRKT_[_ZNK3ros9Publisher7publishIN13geometry_msgs6Twist_ISaIvEEEEEvRKT_]+0xa35): неопределённая ссылка на «ros::Publisher::publish(boost::function<ros::SerializedMessage ()> const&, ros::SerializedMessage&) const»
/usr/bin/ld: CMakeFiles/dsm_node.dir/src/nodes/dsm_node.cpp.o: в функции «bool ros::NodeHandle::param<double>(std::__cxx11::basic_string<char, std::char_traits<char>, std::allocator<char> > const&, double&, double const&) const»:
dsm_node.cpp:(.text._ZNK3ros10NodeHandle5paramIdEEbRKNSt7__cxx1112basic_stringIcSt11char_traitsIcESaIcEEERT_RKSA_[_ZNK3ros10NodeHandle5paramIdEEbRKNSt7__cxx1112basic_stringIcSt11char_traitsIcESaIcEEERT_RKSA_]+0x2b): неопределённая ссылка на «ros::NodeHandle::hasParam(std::__cxx11::basic_string<char, std::char_traits<char>, std::allocator<char> > const&) const»
/usr/bin/ld: dsm_node.cpp:(.text._ZNK3ros10NodeHandle5paramIdEEbRKNSt7__cxx1112basic_stringIcSt11char_traitsIcESaIcEEERT_RKSA_[_ZNK3ros10NodeHandle5paramIdEEbRKNSt7__cxx1112basic_stringIcSt11char_traitsIcESaIcEEERT_RKSA_]+0x46): неопределённая ссылка на «ros::NodeHandle::getParam(std::__cxx11::basic_string<char, std::char_traits<char>, std::allocator<char> > const&, double&) const»
/usr/bin/ld: CMakeFiles/dsm_node.dir/src/nodes/dsm_node.cpp.o: в функции «ros::Subscriber ros::NodeHandle::subscribe<geometry_msgs::Twist_<std::allocator<void> > >(std::__cxx11::basic_string<char, std::char_traits<char>, std::allocator<char> > const&, unsigned int, void (*)(boost::shared_ptr<geometry_msgs::Twist_<std::allocator<void> > const> const&), ros::TransportHints const&)»:
dsm_node.cpp:(.text._ZN3ros10NodeHandle9subscribeIN13geometry_msgs6Twist_ISaIvEEEEENS_10SubscriberERKNSt7__cxx1112basic_stringIcSt11char_traitsIcESaIcEEEjPFvRKN5boost10shared_ptrIKT_EEERKNS_14TransportHintsE[_ZN3ros10NodeHandle9subscribeIN13geometry_msgs6Twist_ISaIvEEEEENS_10SubscriberERKNSt7__cxx1112basic_stringIcSt11char_traitsIcESaIcEEEjPFvRKN5boost10shared_ptrIKT_EEERKNS_14TransportHintsE]+0x110): неопределённая ссылка на «ros::NodeHandle::subscribe(ros::SubscribeOptions&)»
/usr/bin/ld: CMakeFiles/dsm_node.dir/src/nodes/dsm_node.cpp.o: в функции «ros::Subscriber ros::NodeHandle::subscribe<geometry_msgs::TwistStamped_<std::allocator<void> > >(std::__cxx11::basic_string<char, std::char_traits<char>, std::allocator<char> > const&, unsigned int, void (*)(boost::shared_ptr<geometry_msgs::TwistStamped_<std::allocator<void> > const> const&), ros::TransportHints const&)»:
dsm_node.cpp:(.text._ZN3ros10NodeHandle9subscribeIN13geometry_msgs13TwistStamped_ISaIvEEEEENS_10SubscriberERKNSt7__cxx1112basic_stringIcSt11char_traitsIcESaIcEEEjPFvRKN5boost10shared_ptrIKT_EEERKNS_14TransportHintsE[_ZN3ros10NodeHandle9subscribeIN13geometry_msgs13TwistStamped_ISaIvEEEEENS_10SubscriberERKNSt7__cxx1112basic_stringIcSt11char_traitsIcESaIcEEEjPFvRKN5boost10shared_ptrIKT_EEERKNS_14TransportHintsE]+0x110): неопределённая ссылка на «ros::NodeHandle::subscribe(ros::SubscribeOptions&)»
/usr/bin/ld: CMakeFiles/dsm_node.dir/src/nodes/dsm_node.cpp.o: в функции «ros::Publisher ros::NodeHandle::advertise<geometry_msgs::Twist_<std::allocator<void> > >(std::__cxx11::basic_string<char, std::char_traits<char>, std::allocator<char> > const&, unsigned int, bool)»:
dsm_node.cpp:(.text._ZN3ros10NodeHandle9advertiseIN13geometry_msgs6Twist_ISaIvEEEEENS_9PublisherERKNSt7__cxx1112basic_stringIcSt11char_traitsIcESaIcEEEjb[_ZN3ros10NodeHandle9advertiseIN13geometry_msgs6Twist_ISaIvEEEEENS_9PublisherERKNSt7__cxx1112basic_stringIcSt11char_traitsIcESaIcEEEjb]+0x139): неопределённая ссылка на «ros::NodeHandle::advertise(ros::AdvertiseOptions&)»
/usr/bin/ld: CMakeFiles/dsm_node.dir/src/nodes/dsm_node.cpp.o: в функции «void ros::serialization::Serializer<unsigned int>::write<ros::serialization::OStream>(ros::serialization::OStream&, unsigned int)»:
dsm_node.cpp:(.text._ZN3ros13serialization10SerializerIjE5writeINS0_7OStreamEEEvRT_j[_ZN3ros13serialization10SerializerIjE5writeINS0_7OStreamEEEvRT_j]+0x56): неопределённая ссылка на «ros::serialization::throwStreamOverrun()»
/usr/bin/ld: CMakeFiles/dsm_node.dir/src/nodes/dsm_node.cpp.o: в функции «void ros::serialization::Serializer<double>::write<ros::serialization::OStream>(ros::serialization::OStream&, double)»:
dsm_node.cpp:(.text._ZN3ros13serialization10SerializerIdE5writeINS0_7OStreamEEEvRT_d[_ZN3ros13serialization10SerializerIdE5writeINS0_7OStreamEEEvRT_d]+0x58): неопределённая ссылка на «ros::serialization::throwStreamOverrun()»
/usr/bin/ld: CMakeFiles/dsm_node.dir/src/nodes/dsm_node.cpp.o: в функции «ros::SubscriptionCallbackHelperT<boost::shared_ptr<geometry_msgs::TwistStamped_<std::allocator<void> > const> const&, void>::deserialize(ros::SubscriptionCallbackHelperDeserializeParams const&)»:
dsm_node.cpp:(.text._ZN3ros27SubscriptionCallbackHelperTIRKN5boost10shared_ptrIKN13geometry_msgs13TwistStamped_ISaIvEEEEEvE11deserializeERKNS_43SubscriptionCallbackHelperDeserializeParamsE[_ZN3ros27SubscriptionCallbackHelperTIRKN5boost10shared_ptrIKN13geometry_msgs13TwistStamped_ISaIvEEEEEvE11deserializeERKNS_43SubscriptionCallbackHelperDeserializeParamsE]+0x65): неопределённая ссылка на «ros::console::g_initialized»
/usr/bin/ld: dsm_node.cpp:(.text._ZN3ros27SubscriptionCallbackHelperTIRKN5boost10shared_ptrIKN13geometry_msgs13TwistStamped_ISaIvEEEEEvE11deserializeERKNS_43SubscriptionCallbackHelperDeserializeParamsE[_ZN3ros27SubscriptionCallbackHelperTIRKN5boost10shared_ptrIKN13geometry_msgs13TwistStamped_ISaIvEEEEEvE11deserializeERKNS_43SubscriptionCallbackHelperDeserializeParamsE]+0x75): неопределённая ссылка на «ros::console::initialize()»
/usr/bin/ld: dsm_node.cpp:(.text._ZN3ros27SubscriptionCallbackHelperTIRKN5boost10shared_ptrIKN13geometry_msgs13TwistStamped_ISaIvEEEEEvE11deserializeERKNS_43SubscriptionCallbackHelperDeserializeParamsE[_ZN3ros27SubscriptionCallbackHelperTIRKN5boost10shared_ptrIKN13geometry_msgs13TwistStamped_ISaIvEEEEEvE11deserializeERKNS_43SubscriptionCallbackHelperDeserializeParamsE]+0xc2): неопределённая ссылка на «ros::console::initializeLogLocation(ros::console::LogLocation*, std::__cxx11::basic_string<char, std::char_traits<char>, std::allocator<char> > const&, ros::console::levels::Level)»
/usr/bin/ld: dsm_node.cpp:(.text._ZN3ros27SubscriptionCallbackHelperTIRKN5boost10shared_ptrIKN13geometry_msgs13TwistStamped_ISaIvEEEEEvE11deserializeERKNS_43SubscriptionCallbackHelperDeserializeParamsE[_ZN3ros27SubscriptionCallbackHelperTIRKN5boost10shared_ptrIKN13geometry_msgs13TwistStamped_ISaIvEEEEEvE11deserializeERKNS_43SubscriptionCallbackHelperDeserializeParamsE]+0xfe): неопределённая ссылка на «ros::console::setLogLocationLevel(ros::console::LogLocation*, ros::console::levels::Level)»
/usr/bin/ld: dsm_node.cpp:(.text._ZN3ros27SubscriptionCallbackHelperTIRKN5boost10shared_ptrIKN13geometry_msgs13TwistStamped_ISaIvEEEEEvE11deserializeERKNS_43SubscriptionCallbackHelperDeserializeParamsE[_ZN3ros27SubscriptionCallbackHelperTIRKN5boost10shared_ptrIKN13geometry_msgs13TwistStamped_ISaIvEEEEEvE11deserializeERKNS_43SubscriptionCallbackHelperDeserializeParamsE]+0x10a): неопределённая ссылка на «ros::console::checkLogLocationEnabled(ros::console::LogLocation*)»
/usr/bin/ld: dsm_node.cpp:(.text._ZN3ros27SubscriptionCallbackHelperTIRKN5boost10shared_ptrIKN13geometry_msgs13TwistStamped_ISaIvEEEEEvE11deserializeERKNS_43SubscriptionCallbackHelperDeserializeParamsE[_ZN3ros27SubscriptionCallbackHelperTIRKN5boost10shared_ptrIKN13geometry_msgs13TwistStamped_ISaIvEEEEEvE11deserializeERKNS_43SubscriptionCallbackHelperDeserializeParamsE]+0x187): неопределённая ссылка на «ros::console::print(ros::console::FilterBase*, void*, ros::console::levels::Level, char const*, int, char const*, char const*, ...)»
/usr/bin/ld: CMakeFiles/dsm_node.dir/src/nodes/dsm_node.cpp.o: в функции «ros::SubscriptionCallbackHelperT<boost::shared_ptr<geometry_msgs::Twist_<std::allocator<void> > const> const&, void>::deserialize(ros::SubscriptionCallbackHelperDeserializeParams const&)»:
dsm_node.cpp:(.text._ZN3ros27SubscriptionCallbackHelperTIRKN5boost10shared_ptrIKN13geometry_msgs6Twist_ISaIvEEEEEvE11deserializeERKNS_43SubscriptionCallbackHelperDeserializeParamsE[_ZN3ros27SubscriptionCallbackHelperTIRKN5boost10shared_ptrIKN13geometry_msgs6Twist_ISaIvEEEEEvE11deserializeERKNS_43SubscriptionCallbackHelperDeserializeParamsE]+0x65): неопределённая ссылка на «ros::console::g_initialized»
/usr/bin/ld: dsm_node.cpp:(.text._ZN3ros27SubscriptionCallbackHelperTIRKN5boost10shared_ptrIKN13geometry_msgs6Twist_ISaIvEEEEEvE11deserializeERKNS_43SubscriptionCallbackHelperDeserializeParamsE[_ZN3ros27SubscriptionCallbackHelperTIRKN5boost10shared_ptrIKN13geometry_msgs6Twist_ISaIvEEEEEvE11deserializeERKNS_43SubscriptionCallbackHelperDeserializeParamsE]+0x75): неопределённая ссылка на «ros::console::initialize()»
/usr/bin/ld: dsm_node.cpp:(.text._ZN3ros27SubscriptionCallbackHelperTIRKN5boost10shared_ptrIKN13geometry_msgs6Twist_ISaIvEEEEEvE11deserializeERKNS_43SubscriptionCallbackHelperDeserializeParamsE[_ZN3ros27SubscriptionCallbackHelperTIRKN5boost10shared_ptrIKN13geometry_msgs6Twist_ISaIvEEEEEvE11deserializeERKNS_43SubscriptionCallbackHelperDeserializeParamsE]+0xc2): неопределённая ссылка на «ros::console::initializeLogLocation(ros::console::LogLocation*, std::__cxx11::basic_string<char, std::char_traits<char>, std::allocator<char> > const&, ros::console::levels::Level)»
/usr/bin/ld: dsm_node.cpp:(.text._ZN3ros27SubscriptionCallbackHelperTIRKN5boost10shared_ptrIKN13geometry_msgs6Twist_ISaIvEEEEEvE11deserializeERKNS_43SubscriptionCallbackHelperDeserializeParamsE[_ZN3ros27SubscriptionCallbackHelperTIRKN5boost10shared_ptrIKN13geometry_msgs6Twist_ISaIvEEEEEvE11deserializeERKNS_43SubscriptionCallbackHelperDeserializeParamsE]+0xfe): неопределённая ссылка на «ros::console::setLogLocationLevel(ros::console::LogLocation*, ros::console::levels::Level)»
/usr/bin/ld: dsm_node.cpp:(.text._ZN3ros27SubscriptionCallbackHelperTIRKN5boost10shared_ptrIKN13geometry_msgs6Twist_ISaIvEEEEEvE11deserializeERKNS_43SubscriptionCallbackHelperDeserializeParamsE[_ZN3ros27SubscriptionCallbackHelperTIRKN5boost10shared_ptrIKN13geometry_msgs6Twist_ISaIvEEEEEvE11deserializeERKNS_43SubscriptionCallbackHelperDeserializeParamsE]+0x10a): неопределённая ссылка на «ros::console::checkLogLocationEnabled(ros::console::LogLocation*)»
/usr/bin/ld: dsm_node.cpp:(.text._ZN3ros27SubscriptionCallbackHelperTIRKN5boost10shared_ptrIKN13geometry_msgs6Twist_ISaIvEEEEEvE11deserializeERKNS_43SubscriptionCallbackHelperDeserializeParamsE[_ZN3ros27SubscriptionCallbackHelperTIRKN5boost10shared_ptrIKN13geometry_msgs6Twist_ISaIvEEEEEvE11deserializeERKNS_43SubscriptionCallbackHelperDeserializeParamsE]+0x187): неопределённая ссылка на «ros::console::print(ros::console::FilterBase*, void*, ros::console::levels::Level, char const*, int, char const*, char const*, ...)»
/usr/bin/ld: CMakeFiles/dsm_node.dir/src/nodes/dsm_node.cpp.o: в функции «void ros::serialization::Serializer<unsigned int>::read<ros::serialization::IStream>(ros::serialization::IStream&, unsigned int&)»:
dsm_node.cpp:(.text._ZN3ros13serialization10SerializerIjE4readINS0_7IStreamEEEvRT_Rj[_ZN3ros13serialization10SerializerIjE4readINS0_7IStreamEEEvRT_Rj]+0x57): неопределённая ссылка на «ros::serialization::throwStreamOverrun()»
/usr/bin/ld: CMakeFiles/dsm_node.dir/src/nodes/dsm_node.cpp.o: в функции «void ros::serialization::Serializer<std::__cxx11::basic_string<char, std::char_traits<char>, std::allocator<char> > >::read<ros::serialization::IStream>(ros::serialization::IStream&, std::__cxx11::basic_string<char, std::char_traits<char>, std::allocator<char> >&)»:
dsm_node.cpp:(.text._ZN3ros13serialization10SerializerINSt7__cxx1112basic_stringIcSt11char_traitsIcESaIcEEEE4readINS0_7IStreamEEEvRT_RS7_[_ZN3ros13serialization10SerializerINSt7__cxx1112basic_stringIcSt11char_traitsIcESaIcEEEE4readINS0_7IStreamEEEvRT_RS7_]+0x9e): неопределённая ссылка на «ros::serialization::throwStreamOverrun()»
/usr/bin/ld: CMakeFiles/dsm_node.dir/src/nodes/dsm_node.cpp.o: в функции «void ros::serialization::Serializer<double>::read<ros::serialization::IStream>(ros::serialization::IStream&, double&)»:
dsm_node.cpp:(.text._ZN3ros13serialization10SerializerIdE4readINS0_7IStreamEEEvRT_Rd[_ZN3ros13serialization10SerializerIdE4readINS0_7IStreamEEEvRT_Rd]+0x57): неопределённая ссылка на «ros::serialization::throwStreamOverrun()»
collect2: error: ld returned 1 exit status
make[2]: *** [CMakeFiles/dsm_node.dir/build.make:84: /home/kal1b/catkin_ws/devel/.private/parallel_planner/lib/parallel_planner/dsm_node] Ошибка 1
make[1]: *** [CMakeFiles/Makefile2:2800: CMakeFiles/dsm_node.dir/all] Ошибка 2
make[1]: *** Ожидание завершения заданий…
/usr/bin/ld: CMakeFiles/kalman_filter_node.dir/src/nodes/kalman_filter_node.cpp.o: в функции «imuCallback(boost::shared_ptr<sensor_msgs::Imu_<std::allocator<void> > const> const&)»:
kalman_filter_node.cpp:(.text+0x63b): неопределённая ссылка на «ros::TimeBase<ros::Time, ros::Duration>::operator-(ros::Time const&) const»
/usr/bin/ld: CMakeFiles/kalman_filter_node.dir/src/nodes/kalman_filter_node.cpp.o: в функции «main»:
kalman_filter_node.cpp:(.text+0x91b): неопределённая ссылка на «ros::init(int&, char**, std::__cxx11::basic_string<char, std::char_traits<char>, std::allocator<char> > const&, unsigned int)»
/usr/bin/ld: kalman_filter_node.cpp:(.text+0x9ad): неопределённая ссылка на «ros::NodeHandle::NodeHandle(std::__cxx11::basic_string<char, std::char_traits<char>, std::allocator<char> > const&, std::map<std::__cxx11::basic_string<char, std::char_traits<char>, std::allocator<char> >, std::__cxx11::basic_string<char, std::char_traits<char>, std::allocator<char> >, std::less<std::__cxx11::basic_string<char, std::char_traits<char>, std::allocator<char> > >, std::allocator<std::pair<std::__cxx11::basic_string<char, std::char_traits<char>, std::allocator<char> > const, std::__cxx11::basic_string<char, std::char_traits<char>, std::allocator<char> > > > > const&)»
/usr/bin/ld: kalman_filter_node.cpp:(.text+0xa44): неопределённая ссылка на «ros::Publisher::~Publisher()»
/usr/bin/ld: kalman_filter_node.cpp:(.text+0xb7b): неопределённая ссылка на «ros::Rate::Rate(double)»
/usr/bin/ld: kalman_filter_node.cpp:(.text+0xb80): неопределённая ссылка на «ros::ok()»
/usr/bin/ld: kalman_filter_node.cpp:(.text+0xb89): неопределённая ссылка на «ros::spinOnce()»
/usr/bin/ld: kalman_filter_node.cpp:(.text+0xb98): неопределённая ссылка на «ros::Rate::sleep()»
/usr/bin/ld: kalman_filter_node.cpp:(.text+0xbae): неопределённая ссылка на «ros::Subscriber::~Subscriber()»
/usr/bin/ld: kalman_filter_node.cpp:(.text+0xbbd): неопределённая ссылка на «ros::NodeHandle::~NodeHandle()»
/usr/bin/ld: kalman_filter_node.cpp:(.text+0xcc5): неопределённая ссылка на «ros::Subscriber::~Subscriber()»
/usr/bin/ld: kalman_filter_node.cpp:(.text+0xcd4): неопределённая ссылка на «ros::NodeHandle::~NodeHandle()»
/usr/bin/ld: CMakeFiles/kalman_filter_node.dir/src/nodes/kalman_filter_node.cpp.o: в функции «__static_initialization_and_destruction_0(int, int)»:
kalman_filter_node.cpp:(.text+0xd61): неопределённая ссылка на «ros::Publisher::~Publisher()»
/usr/bin/ld: CMakeFiles/kalman_filter_node.dir/src/nodes/kalman_filter_node.cpp.o: в функции «void ros::Publisher::publish<geometry_msgs::TwistStamped_<std::allocator<void> > >(geometry_msgs::TwistStamped_<std::allocator<void> > const&) const»:
kalman_filter_node.cpp:(.text._ZNK3ros9Publisher7publishIN13geometry_msgs13TwistStamped_ISaIvEEEEEvRKT_[_ZNK3ros9Publisher7publishIN13geometry_msgs13TwistStamped_ISaIvEEEEEvRKT_]+0x4b): неопределённая ссылка на «ros::console::g_initialized»
/usr/bin/ld: kalman_filter_node.cpp:(.text._ZNK3ros9Publisher7publishIN13geometry_msgs13TwistStamped_ISaIvEEEEEvRKT_[_ZNK3ros9Publisher7publishIN13geometry_msgs13TwistStamped_ISaIvEEEEEvRKT_]+0x5b): неопределённая ссылка на «ros::console::initialize()»
/usr/bin/ld: kalman_filter_node.cpp:(.text._ZNK3ros9Publisher7publishIN13geometry_msgs13TwistStamped_ISaIvEEEEEvRKT_[_ZNK3ros9Publisher7publishIN13geometry_msgs13TwistStamped_ISaIvEEEEEvRKT_]+0xae): неопределённая ссылка на «ros::console::initializeLogLocation(ros::console::LogLocation*, std::__cxx11::basic_string<char, std::char_traits<char>, std::allocator<char> > const&, ros::console::levels::Level)»
/usr/bin/ld: kalman_filter_node.cpp:(.text._ZNK3ros9Publisher7publishIN13geometry_msgs13TwistStamped_ISaIvEEEEEvRKT_[_ZNK3ros9Publisher7publishIN13geometry_msgs13TwistStamped_ISaIvEEEEEvRKT_]+0xee): неопределённая ссылка на «ros::console::setLogLocationLevel(ros::console::LogLocation*, ros::console::levels::Level)»
/usr/bin/ld: kalman_filter_node.cpp:(.text._ZNK3ros9Publisher7publishIN13geometry_msgs13TwistStamped_ISaIvEEEEEvRKT_[_ZNK3ros9Publisher7publishIN13geometry_msgs13TwistStamped_ISaIvEEEEEvRKT_]+0xfa): неопределённая ссылка на «ros::console::checkLogLocationEnabled(ros::console::LogLocation*)»
/usr/bin/ld: kalman_filter_node.cpp:(.text._ZNK3ros9Publisher7publishIN13geometry_msgs13TwistStamped_ISaIvEEEEEvRKT_[_ZNK3ros9Publisher7publishIN13geometry_msgs13TwistStamped_ISaIvEEEEEvRKT_]+0x160): неопределённая ссылка на «ros::console::print(ros::console::FilterBase*, void*, ros::console::levels::Level, char const*, int, char const*, char const*, ...)»
/usr/bin/ld: kalman_filter_node.cpp:(.text._ZNK3ros9Publisher7publishIN13geometry_msgs13TwistStamped_ISaIvEEEEEvRKT_[_ZNK3ros9Publisher7publishIN13geometry_msgs13TwistStamped_ISaIvEEEEEvRKT_]+0x16b): неопределённая ссылка на «ros::console::g_initialized»
/usr/bin/ld: kalman_filter_node.cpp:(.text._ZNK3ros9Publisher7publishIN13geometry_msgs13TwistStamped_ISaIvEEEEEvRKT_[_ZNK3ros9Publisher7publishIN13geometry_msgs13TwistStamped_ISaIvEEEEEvRKT_]+0x17b): неопределённая ссылка на «ros::console::initialize()»
/usr/bin/ld: kalman_filter_node.cpp:(.text._ZNK3ros9Publisher7publishIN13geometry_msgs13TwistStamped_ISaIvEEEEEvRKT_[_ZNK3ros9Publisher7publishIN13geometry_msgs13TwistStamped_ISaIvEEEEEvRKT_]+0x1ce): неопределённая ссылка на «ros::console::initializeLogLocation(ros::console::LogLocation*, std::__cxx11::basic_string<char, std::char_traits<char>, std::allocator<char> > const&, ros::console::levels::Level)»
/usr/bin/ld: kalman_filter_node.cpp:(.text._ZNK3ros9Publisher7publishIN13geometry_msgs13TwistStamped_ISaIvEEEEEvRKT_[_ZNK3ros9Publisher7publishIN13geometry_msgs13TwistStamped_ISaIvEEEEEvRKT_]+0x20e): неопределённая ссылка на «ros::console::setLogLocationLevel(ros::console::LogLocation*, ros::console::levels::Level)»
/usr/bin/ld: kalman_filter_node.cpp:(.text._ZNK3ros9Publisher7publishIN13geometry_msgs13TwistStamped_ISaIvEEEEEvRKT_[_ZNK3ros9Publisher7publishIN13geometry_msgs13TwistStamped_ISaIvEEEEEvRKT_]+0x21a): неопределённая ссылка на «ros::console::checkLogLocationEnabled(ros::console::LogLocation*)»
/usr/bin/ld: kalman_filter_node.cpp:(.text._ZNK3ros9Publisher7publishIN13geometry_msgs13TwistStamped_ISaIvEEEEEvRKT_[_ZNK3ros9Publisher7publishIN13geometry_msgs13TwistStamped_ISaIvEEEEEvRKT_]+0x272): неопределённая ссылка на «ros::console::print(ros::console::FilterBase*, void*, ros::console::levels::Level, char const*, int, char const*, char const*, ...)»
/usr/bin/ld: kalman_filter_node.cpp:(.text._ZNK3ros9Publisher7publishIN13geometry_msgs13TwistStamped_ISaIvEEEEEvRKT_[_ZNK3ros9Publisher7publishIN13geometry_msgs13TwistStamped_ISaIvEEEEEvRKT_]+0x27d): неопределённая ссылка на «ros::console::g_initialized»
/usr/bin/ld: kalman_filter_node.cpp:(.text._ZNK3ros9Publisher7publishIN13geometry_msgs13TwistStamped_ISaIvEEEEEvRKT_[_ZNK3ros9Publisher7publishIN13geometry_msgs13TwistStamped_ISaIvEEEEEvRKT_]+0x28d): неопределённая ссылка на «ros::console::initialize()»
/usr/bin/ld: kalman_filter_node.cpp:(.text._ZNK3ros9Publisher7publishIN13geometry_msgs13TwistStamped_ISaIvEEEEEvRKT_[_ZNK3ros9Publisher7publishIN13geometry_msgs13TwistStamped_ISaIvEEEEEvRKT_]+0x2e0): неопределённая ссылка на «ros::console::initializeLogLocation(ros::console::LogLocation*, std::__cxx11::basic_string<char, std::char_traits<char>, std::allocator<char> > const&, ros::console::levels::Level)»
/usr/bin/ld: kalman_filter_node.cpp:(.text._ZNK3ros9Publisher7publishIN13geometry_msgs13TwistStamped_ISaIvEEEEEvRKT_[_ZNK3ros9Publisher7publishIN13geometry_msgs13TwistStamped_ISaIvEEEEEvRKT_]+0x320): неопределённая ссылка на «ros::console::setLogLocationLevel(ros::console::LogLocation*, ros::console::levels::Level)»
/usr/bin/ld: kalman_filter_node.cpp:(.text._ZNK3ros9Publisher7publishIN13geometry_msgs13TwistStamped_ISaIvEEEEEvRKT_[_ZNK3ros9Publisher7publishIN13geometry_msgs13TwistStamped_ISaIvEEEEEvRKT_]+0x32c): неопределённая ссылка на «ros::console::checkLogLocationEnabled(ros::console::LogLocation*)»
/usr/bin/ld: kalman_filter_node.cpp:(.text._ZNK3ros9Publisher7publishIN13geometry_msgs13TwistStamped_ISaIvEEEEEvRKT_[_ZNK3ros9Publisher7publishIN13geometry_msgs13TwistStamped_ISaIvEEEEEvRKT_]+0x384): неопределённая ссылка на «ros::console::print(ros::console::FilterBase*, void*, ros::console::levels::Level, char const*, int, char const*, char const*, ...)»
/usr/bin/ld: kalman_filter_node.cpp:(.text._ZNK3ros9Publisher7publishIN13geometry_msgs13TwistStamped_ISaIvEEEEEvRKT_[_ZNK3ros9Publisher7publishIN13geometry_msgs13TwistStamped_ISaIvEEEEEvRKT_]+0x3a5): неопределённая ссылка на «ros::Publisher::Impl::isValid() const»
/usr/bin/ld: kalman_filter_node.cpp:(.text._ZNK3ros9Publisher7publishIN13geometry_msgs13TwistStamped_ISaIvEEEEEvRKT_[_ZNK3ros9Publisher7publishIN13geometry_msgs13TwistStamped_ISaIvEEEEEvRKT_]+0x3b7): неопределённая ссылка на «ros::console::g_initialized»
/usr/bin/ld: kalman_filter_node.cpp:(.text._ZNK3ros9Publisher7publishIN13geometry_msgs13TwistStamped_ISaIvEEEEEvRKT_[_ZNK3ros9Publisher7publishIN13geometry_msgs13TwistStamped_ISaIvEEEEEvRKT_]+0x3c7): неопределённая ссылка на «ros::console::initialize()»
/usr/bin/ld: kalman_filter_node.cpp:(.text._ZNK3ros9Publisher7publishIN13geometry_msgs13TwistStamped_ISaIvEEEEEvRKT_[_ZNK3ros9Publisher7publishIN13geometry_msgs13TwistStamped_ISaIvEEEEEvRKT_]+0x41a): неопределённая ссылка на «ros::console::initializeLogLocation(ros::console::LogLocation*, std::__cxx11::basic_string<char, std::char_traits<char>, std::allocator<char> > const&, ros::console::levels::Level)»
/usr/bin/ld: kalman_filter_node.cpp:(.text._ZNK3ros9Publisher7publishIN13geometry_msgs13TwistStamped_ISaIvEEEEEvRKT_[_ZNK3ros9Publisher7publishIN13geometry_msgs13TwistStamped_ISaIvEEEEEvRKT_]+0x45a): неопределённая ссылка на «ros::console::setLogLocationLevel(ros::console::LogLocation*, ros::console::levels::Level)»
/usr/bin/ld: kalman_filter_node.cpp:(.text._ZNK3ros9Publisher7publishIN13geometry_msgs13TwistStamped_ISaIvEEEEEvRKT_[_ZNK3ros9Publisher7publishIN13geometry_msgs13TwistStamped_ISaIvEEEEEvRKT_]+0x466): неопределённая ссылка на «ros::console::checkLogLocationEnabled(ros::console::LogLocation*)»
/usr/bin/ld: kalman_filter_node.cpp:(.text._ZNK3ros9Publisher7publishIN13geometry_msgs13TwistStamped_ISaIvEEEEEvRKT_[_ZNK3ros9Publisher7publishIN13geometry_msgs13TwistStamped_ISaIvEEEEEvRKT_]+0x4cc): неопределённая ссылка на «ros::console::print(ros::console::FilterBase*, void*, ros::console::levels::Level, char const*, int, char const*, char const*, ...)»
/usr/bin/ld: kalman_filter_node.cpp:(.text._ZNK3ros9Publisher7publishIN13geometry_msgs13TwistStamped_ISaIvEEEEEvRKT_[_ZNK3ros9Publisher7publishIN13geometry_msgs13TwistStamped_ISaIvEEEEEvRKT_]+0x4d7): неопределённая ссылка на «ros::console::g_initialized»
/usr/bin/ld: kalman_filter_node.cpp:(.text._ZNK3ros9Publisher7publishIN13geometry_msgs13TwistStamped_ISaIvEEEEEvRKT_[_ZNK3ros9Publisher7publishIN13geometry_msgs13TwistStamped_ISaIvEEEEEvRKT_]+0x4e7): неопределённая ссылка на «ros::console::initialize()»
/usr/bin/ld: kalman_filter_node.cpp:(.text._ZNK3ros9Publisher7publishIN13geometry_msgs13TwistStamped_ISaIvEEEEEvRKT_[_ZNK3ros9Publisher7publishIN13geometry_msgs13TwistStamped_ISaIvEEEEEvRKT_]+0x53a): неопределённая ссылка на «ros::console::initializeLogLocation(ros::console::LogLocation*, std::__cxx11::basic_string<char, std::char_traits<char>, std::allocator<char> > const&, ros::console::levels::Level)»
/usr/bin/ld: kalman_filter_node.cpp:(.text._ZNK3ros9Publisher7publishIN13geometry_msgs13TwistStamped_ISaIvEEEEEvRKT_[_ZNK3ros9Publisher7publishIN13geometry_msgs13TwistStamped_ISaIvEEEEEvRKT_]+0x57a): неопределённая ссылка на «ros::console::setLogLocationLevel(ros::console::LogLocation*, ros::console::levels::Level)»
/usr/bin/ld: kalman_filter_node.cpp:(.text._ZNK3ros9Publisher7publishIN13geometry_msgs13TwistStamped_ISaIvEEEEEvRKT_[_ZNK3ros9Publisher7publishIN13geometry_msgs13TwistStamped_ISaIvEEEEEvRKT_]+0x586): неопределённая ссылка на «ros::console::checkLogLocationEnabled(ros::console::LogLocation*)»
/usr/bin/ld: kalman_filter_node.cpp:(.text._ZNK3ros9Publisher7publishIN13geometry_msgs13TwistStamped_ISaIvEEEEEvRKT_[_ZNK3ros9Publisher7publishIN13geometry_msgs13TwistStamped_ISaIvEEEEEvRKT_]+0x5f5): неопределённая ссылка на «ros::console::print(ros::console::FilterBase*, void*, ros::console::levels::Level, char const*, int, char const*, char const*, ...)»
/usr/bin/ld: kalman_filter_node.cpp:(.text._ZNK3ros9Publisher7publishIN13geometry_msgs13TwistStamped_ISaIvEEEEEvRKT_[_ZNK3ros9Publisher7publishIN13geometry_msgs13TwistStamped_ISaIvEEEEEvRKT_]+0x600): неопределённая ссылка на «ros::console::g_initialized»
/usr/bin/ld: kalman_filter_node.cpp:(.text._ZNK3ros9Publisher7publishIN13geometry_msgs13TwistStamped_ISaIvEEEEEvRKT_[_ZNK3ros9Publisher7publishIN13geometry_msgs13TwistStamped_ISaIvEEEEEvRKT_]+0x610): неопределённая ссылка на «ros::console::initialize()»
/usr/bin/ld: kalman_filter_node.cpp:(.text._ZNK3ros9Publisher7publishIN13geometry_msgs13TwistStamped_ISaIvEEEEEvRKT_[_ZNK3ros9Publisher7publishIN13geometry_msgs13TwistStamped_ISaIvEEEEEvRKT_]+0x663): неопределённая ссылка на «ros::console::initializeLogLocation(ros::console::LogLocation*, std::__cxx11::basic_string<char, std::char_traits<char>, std::allocator<char> > const&, ros::console::levels::Level)»
/usr/bin/ld: kalman_filter_node.cpp:(.text._ZNK3ros9Publisher7publishIN13geometry_msgs13TwistStamped_ISaIvEEEEEvRKT_[_ZNK3ros9Publisher7publishIN13geometry_msgs13TwistStamped_ISaIvEEEEEvRKT_]+0x6a3): неопределённая ссылка на «ros::console::setLogLocationLevel(ros::console::LogLocation*, ros::console::levels::Level)»
/usr/bin/ld: kalman_filter_node.cpp:(.text._ZNK3ros9Publisher7publishIN13geometry_msgs13TwistStamped_ISaIvEEEEEvRKT_[_ZNK3ros9Publisher7publishIN13geometry_msgs13TwistStamped_ISaIvEEEEEvRKT_]+0x6af): неопределённая ссылка на «ros::console::checkLogLocationEnabled(ros::console::LogLocation*)»
/usr/bin/ld: kalman_filter_node.cpp:(.text._ZNK3ros9Publisher7publishIN13geometry_msgs13TwistStamped_ISaIvEEEEEvRKT_[_ZNK3ros9Publisher7publishIN13geometry_msgs13TwistStamped_ISaIvEEEEEvRKT_]+0x707): неопределённая ссылка на «ros::console::print(ros::console::FilterBase*, void*, ros::console::levels::Level, char const*, int, char const*, char const*, ...)»
/usr/bin/ld: kalman_filter_node.cpp:(.text._ZNK3ros9Publisher7publishIN13geometry_msgs13TwistStamped_ISaIvEEEEEvRKT_[_ZNK3ros9Publisher7publishIN13geometry_msgs13TwistStamped_ISaIvEEEEEvRKT_]+0x815): неопределённая ссылка на «ros::console::g_initialized»
/usr/bin/ld: kalman_filter_node.cpp:(.text._ZNK3ros9Publisher7publishIN13geometry_msgs13TwistStamped_ISaIvEEEEEvRKT_[_ZNK3ros9Publisher7publishIN13geometry_msgs13TwistStamped_ISaIvEEEEEvRKT_]+0x825): неопределённая ссылка на «ros::console::initialize()»
/usr/bin/ld: kalman_filter_node.cpp:(.text._ZNK3ros9Publisher7publishIN13geometry_msgs13TwistStamped_ISaIvEEEEEvRKT_[_ZNK3ros9Publisher7publishIN13geometry_msgs13TwistStamped_ISaIvEEEEEvRKT_]+0x878): неопределённая ссылка на «ros::console::initializeLogLocation(ros::console::LogLocation*, std::__cxx11::basic_string<char, std::char_traits<char>, std::allocator<char> > const&, ros::console::levels::Level)»
/usr/bin/ld: kalman_filter_node.cpp:(.text._ZNK3ros9Publisher7publishIN13geometry_msgs13TwistStamped_ISaIvEEEEEvRKT_[_ZNK3ros9Publisher7publishIN13geometry_msgs13TwistStamped_ISaIvEEEEEvRKT_]+0x8b7): неопределённая ссылка на «ros::console::setLogLocationLevel(ros::console::LogLocation*, ros::console::levels::Level)»
/usr/bin/ld: kalman_filter_node.cpp:(.text._ZNK3ros9Publisher7publishIN13geometry_msgs13TwistStamped_ISaIvEEEEEvRKT_[_ZNK3ros9Publisher7publishIN13geometry_msgs13TwistStamped_ISaIvEEEEEvRKT_]+0x8c3): неопределённая ссылка на «ros::console::checkLogLocationEnabled(ros::console::LogLocation*)»
/usr/bin/ld: kalman_filter_node.cpp:(.text._ZNK3ros9Publisher7publishIN13geometry_msgs13TwistStamped_ISaIvEEEEEvRKT_[_ZNK3ros9Publisher7publishIN13geometry_msgs13TwistStamped_ISaIvEEEEEvRKT_]+0x9a2): неопределённая ссылка на «ros::console::print(ros::console::FilterBase*, void*, ros::console::levels::Level, char const*, int, char const*, char const*, ...)»
/usr/bin/ld: kalman_filter_node.cpp:(.text._ZNK3ros9Publisher7publishIN13geometry_msgs13TwistStamped_ISaIvEEEEEvRKT_[_ZNK3ros9Publisher7publishIN13geometry_msgs13TwistStamped_ISaIvEEEEEvRKT_]+0xa35): неопределённая ссылка на «ros::Publisher::publish(boost::function<ros::SerializedMessage ()> const&, ros::SerializedMessage&) const»
/usr/bin/ld: CMakeFiles/kalman_filter_node.dir/src/nodes/kalman_filter_node.cpp.o: в функции «ros::Publisher ros::NodeHandle::advertise<geometry_msgs::TwistStamped_<std::allocator<void> > >(std::__cxx11::basic_string<char, std::char_traits<char>, std::allocator<char> > const&, unsigned int, bool)»:
kalman_filter_node.cpp:(.text._ZN3ros10NodeHandle9advertiseIN13geometry_msgs13TwistStamped_ISaIvEEEEENS_9PublisherERKNSt7__cxx1112basic_stringIcSt11char_traitsIcESaIcEEEjb[_ZN3ros10NodeHandle9advertiseIN13geometry_msgs13TwistStamped_ISaIvEEEEENS_9PublisherERKNSt7__cxx1112basic_stringIcSt11char_traitsIcESaIcEEEjb]+0x139): неопределённая ссылка на «ros::NodeHandle::advertise(ros::AdvertiseOptions&)»
/usr/bin/ld: CMakeFiles/kalman_filter_node.dir/src/nodes/kalman_filter_node.cpp.o: в функции «ros::Subscriber ros::NodeHandle::subscribe<sensor_msgs::Imu_<std::allocator<void> > >(std::__cxx11::basic_string<char, std::char_traits<char>, std::allocator<char> > const&, unsigned int, void (*)(boost::shared_ptr<sensor_msgs::Imu_<std::allocator<void> > const> const&), ros::TransportHints const&)»:
kalman_filter_node.cpp:(.text._ZN3ros10NodeHandle9subscribeIN11sensor_msgs4Imu_ISaIvEEEEENS_10SubscriberERKNSt7__cxx1112basic_stringIcSt11char_traitsIcESaIcEEEjPFvRKN5boost10shared_ptrIKT_EEERKNS_14TransportHintsE[_ZN3ros10NodeHandle9subscribeIN11sensor_msgs4Imu_ISaIvEEEEENS_10SubscriberERKNSt7__cxx1112basic_stringIcSt11char_traitsIcESaIcEEEjPFvRKN5boost10shared_ptrIKT_EEERKNS_14TransportHintsE]+0x110): неопределённая ссылка на «ros::NodeHandle::subscribe(ros::SubscribeOptions&)»
/usr/bin/ld: CMakeFiles/kalman_filter_node.dir/src/nodes/kalman_filter_node.cpp.o: в функции «void ros::serialization::Serializer<unsigned int>::write<ros::serialization::OStream>(ros::serialization::OStream&, unsigned int)»:
kalman_filter_node.cpp:(.text._ZN3ros13serialization10SerializerIjE5writeINS0_7OStreamEEEvRT_j[_ZN3ros13serialization10SerializerIjE5writeINS0_7OStreamEEEvRT_j]+0x56): неопределённая ссылка на «ros::serialization::throwStreamOverrun()»
/usr/bin/ld: CMakeFiles/kalman_filter_node.dir/src/nodes/kalman_filter_node.cpp.o: в функции «void ros::serialization::Serializer<std::__cxx11::basic_string<char, std::char_traits<char>, std::allocator<char> > >::write<ros::serialization::OStream>(ros::serialization::OStream&, std::__cxx11::basic_string<char, std::char_traits<char>, std::allocator<char> > const&)»:
kalman_filter_node.cpp:(.text._ZN3ros13serialization10SerializerINSt7__cxx1112basic_stringIcSt11char_traitsIcESaIcEEEE5writeINS0_7OStreamEEEvRT_RKS7_[_ZN3ros13serialization10SerializerINSt7__cxx1112basic_stringIcSt11char_traitsIcESaIcEEEE5writeINS0_7OStreamEEEvRT_RKS7_]+0xb0): неопределённая ссылка на «ros::serialization::throwStreamOverrun()»
/usr/bin/ld: CMakeFiles/kalman_filter_node.dir/src/nodes/kalman_filter_node.cpp.o: в функции «void ros::serialization::Serializer<double>::write<ros::serialization::OStream>(ros::serialization::OStream&, double)»:
kalman_filter_node.cpp:(.text._ZN3ros13serialization10SerializerIdE5writeINS0_7OStreamEEEvRT_d[_ZN3ros13serialization10SerializerIdE5writeINS0_7OStreamEEEvRT_d]+0x58): неопределённая ссылка на «ros::serialization::throwStreamOverrun()»
/usr/bin/ld: CMakeFiles/kalman_filter_node.dir/src/nodes/kalman_filter_node.cpp.o: в функции «ros::SubscriptionCallbackHelperT<boost::shared_ptr<sensor_msgs::Imu_<std::allocator<void> > const> const&, void>::deserialize(ros::SubscriptionCallbackHelperDeserializeParams const&)»:
kalman_filter_node.cpp:(.text._ZN3ros27SubscriptionCallbackHelperTIRKN5boost10shared_ptrIKN11sensor_msgs4Imu_ISaIvEEEEEvE11deserializeERKNS_43SubscriptionCallbackHelperDeserializeParamsE[_ZN3ros27SubscriptionCallbackHelperTIRKN5boost10shared_ptrIKN11sensor_msgs4Imu_ISaIvEEEEEvE11deserializeERKNS_43SubscriptionCallbackHelperDeserializeParamsE]+0x65): неопределённая ссылка на «ros::console::g_initialized»
/usr/bin/ld: kalman_filter_node.cpp:(.text._ZN3ros27SubscriptionCallbackHelperTIRKN5boost10shared_ptrIKN11sensor_msgs4Imu_ISaIvEEEEEvE11deserializeERKNS_43SubscriptionCallbackHelperDeserializeParamsE[_ZN3ros27SubscriptionCallbackHelperTIRKN5boost10shared_ptrIKN11sensor_msgs4Imu_ISaIvEEEEEvE11deserializeERKNS_43SubscriptionCallbackHelperDeserializeParamsE]+0x75): неопределённая ссылка на «ros::console::initialize()»
/usr/bin/ld: kalman_filter_node.cpp:(.text._ZN3ros27SubscriptionCallbackHelperTIRKN5boost10shared_ptrIKN11sensor_msgs4Imu_ISaIvEEEEEvE11deserializeERKNS_43SubscriptionCallbackHelperDeserializeParamsE[_ZN3ros27SubscriptionCallbackHelperTIRKN5boost10shared_ptrIKN11sensor_msgs4Imu_ISaIvEEEEEvE11deserializeERKNS_43SubscriptionCallbackHelperDeserializeParamsE]+0xc2): неопределённая ссылка на «ros::console::initializeLogLocation(ros::console::LogLocation*, std::__cxx11::basic_string<char, std::char_traits<char>, std::allocator<char> > const&, ros::console::levels::Level)»
/usr/bin/ld: kalman_filter_node.cpp:(.text._ZN3ros27SubscriptionCallbackHelperTIRKN5boost10shared_ptrIKN11sensor_msgs4Imu_ISaIvEEEEEvE11deserializeERKNS_43SubscriptionCallbackHelperDeserializeParamsE[_ZN3ros27SubscriptionCallbackHelperTIRKN5boost10shared_ptrIKN11sensor_msgs4Imu_ISaIvEEEEEvE11deserializeERKNS_43SubscriptionCallbackHelperDeserializeParamsE]+0xfe): неопределённая ссылка на «ros::console::setLogLocationLevel(ros::console::LogLocation*, ros::console::levels::Level)»
/usr/bin/ld: kalman_filter_node.cpp:(.text._ZN3ros27SubscriptionCallbackHelperTIRKN5boost10shared_ptrIKN11sensor_msgs4Imu_ISaIvEEEEEvE11deserializeERKNS_43SubscriptionCallbackHelperDeserializeParamsE[_ZN3ros27SubscriptionCallbackHelperTIRKN5boost10shared_ptrIKN11sensor_msgs4Imu_ISaIvEEEEEvE11deserializeERKNS_43SubscriptionCallbackHelperDeserializeParamsE]+0x10a): неопределённая ссылка на «ros::console::checkLogLocationEnabled(ros::console::LogLocation*)»
/usr/bin/ld: kalman_filter_node.cpp:(.text._ZN3ros27SubscriptionCallbackHelperTIRKN5boost10shared_ptrIKN11sensor_msgs4Imu_ISaIvEEEEEvE11deserializeERKNS_43SubscriptionCallbackHelperDeserializeParamsE[_ZN3ros27SubscriptionCallbackHelperTIRKN5boost10shared_ptrIKN11sensor_msgs4Imu_ISaIvEEEEEvE11deserializeERKNS_43SubscriptionCallbackHelperDeserializeParamsE]+0x187): неопределённая ссылка на «ros::console::print(ros::console::FilterBase*, void*, ros::console::levels::Level, char const*, int, char const*, char const*, ...)»
/usr/bin/ld: CMakeFiles/kalman_filter_node.dir/src/nodes/kalman_filter_node.cpp.o: в функции «void ros::serialization::ArraySerializer<double, 9ul, void>::read<ros::serialization::IStream>(ros::serialization::IStream&, boost::array<double, 9ul>&)»:
kalman_filter_node.cpp:(.text._ZN3ros13serialization15ArraySerializerIdLm9EvE4readINS0_7IStreamEEEvRT_RN5boost5arrayIdLm9EEE[_ZN3ros13serialization15ArraySerializerIdLm9EvE4readINS0_7IStreamEEEvRT_RN5boost5arrayIdLm9EEE]+0x5f): неопределённая ссылка на «ros::serialization::throwStreamOverrun()»
/usr/bin/ld: CMakeFiles/kalman_filter_node.dir/src/nodes/kalman_filter_node.cpp.o: в функции «void ros::serialization::Serializer<unsigned int>::read<ros::serialization::IStream>(ros::serialization::IStream&, unsigned int&)»:
kalman_filter_node.cpp:(.text._ZN3ros13serialization10SerializerIjE4readINS0_7IStreamEEEvRT_Rj[_ZN3ros13serialization10SerializerIjE4readINS0_7IStreamEEEvRT_Rj]+0x57): неопределённая ссылка на «ros::serialization::throwStreamOverrun()»
/usr/bin/ld: CMakeFiles/kalman_filter_node.dir/src/nodes/kalman_filter_node.cpp.o: в функции «void ros::serialization::Serializer<std::__cxx11::basic_string<char, std::char_traits<char>, std::allocator<char> > >::read<ros::serialization::IStream>(ros::serialization::IStream&, std::__cxx11::basic_string<char, std::char_traits<char>, std::allocator<char> >&)»:
kalman_filter_node.cpp:(.text._ZN3ros13serialization10SerializerINSt7__cxx1112basic_stringIcSt11char_traitsIcESaIcEEEE4readINS0_7IStreamEEEvRT_RS7_[_ZN3ros13serialization10SerializerINSt7__cxx1112basic_stringIcSt11char_traitsIcESaIcEEEE4readINS0_7IStreamEEEvRT_RS7_]+0x9e): неопределённая ссылка на «ros::serialization::throwStreamOverrun()»
/usr/bin/ld: CMakeFiles/kalman_filter_node.dir/src/nodes/kalman_filter_node.cpp.o: в функции «void ros::serialization::Serializer<double>::read<ros::serialization::IStream>(ros::serialization::IStream&, double&)»:
kalman_filter_node.cpp:(.text._ZN3ros13serialization10SerializerIdE4readINS0_7IStreamEEEvRT_Rd[_ZN3ros13serialization10SerializerIdE4readINS0_7IStreamEEEvRT_Rd]+0x57): неопределённая ссылка на «ros::serialization::throwStreamOverrun()»
collect2: error: ld returned 1 exit status
make[2]: *** [CMakeFiles/kalman_filter_node.dir/build.make:84: /home/kal1b/catkin_ws/devel/.private/parallel_planner/lib/parallel_planner/kalman_filter_node] Ошибка 1
make[1]: *** [CMakeFiles/Makefile2:422: CMakeFiles/kalman_filter_node.dir/all] Ошибка 2
[01m[K/home/kal1b/catkin_ws/src/avoidance/parallel_planner/src/nodes/vfh_node.cpp:10:10:[m[K [01;31m[Kfatal error: [m[Kparallel_planner/PlannerConfig.h: Нет такого файла или каталога
   10 | #include [01;31m[K<parallel_planner/PlannerConfig.h>[m[K
      |          [01;31m[K^~~~~~~~~~~~~~~~~~~~~~~~~~~~~~~~~~[m[K
compilation terminated.
make[2]: *** [CMakeFiles/vfh_node.dir/build.make:63: CMakeFiles/vfh_node.dir/src/nodes/vfh_node.cpp.o] Ошибка 1
make[1]: *** [CMakeFiles/Makefile2:312: CMakeFiles/vfh_node.dir/all] Ошибка 2
make: *** [Makefile:141: all] Ошибка 2
